{"/home/mariano/Documents/Projects/LPS-System/backend/app.ts": {"path":"/home/mariano/Documents/Projects/LPS-System/backend/app.ts","statementMap":{"0":{"start":{"line":1,"column":0},"end":{"line":1,"column":28}},"1":{"start":{"line":2,"column":0},"end":{"line":2,"column":36}},"2":{"start":{"line":3,"column":0},"end":{"line":3,"column":37}},"3":{"start":{"line":6,"column":0},"end":{"line":6,"column":16}},"4":{"start":{"line":9,"column":0},"end":{"line":9,"column":12}},"5":{"start":{"line":15,"column":15},"end":{"line":15,"column":27}},"6":{"start":{"line":16,"column":0},"end":{"line":16,"column":16}},"7":{"start":{"line":18,"column":12},"end":{"line":18,"column":27}},"8":{"start":{"line":20,"column":9},"end":{"line":20,"column":12}}},"fnMap":{},"branchMap":{},"s":{"0":1,"1":1,"2":1,"3":1,"4":1,"5":1,"6":1,"7":1,"8":1},"f":{},"b":{}}
,"/home/mariano/Documents/Projects/LPS-System/backend/config/db.ts": {"path":"/home/mariano/Documents/Projects/LPS-System/backend/config/db.ts","statementMap":{"0":{"start":{"line":1,"column":0},"end":{"line":1,"column":35}},"1":{"start":{"line":2,"column":0},"end":{"line":2,"column":40}},"2":{"start":{"line":3,"column":0},"end":{"line":3,"column":39}},"3":{"start":{"line":4,"column":0},"end":{"line":4,"column":37}},"4":{"start":{"line":5,"column":0},"end":{"line":5,"column":38}},"5":{"start":{"line":6,"column":0},"end":{"line":6,"column":40}},"6":{"start":{"line":7,"column":0},"end":{"line":7,"column":48}},"7":{"start":{"line":8,"column":0},"end":{"line":8,"column":43}},"8":{"start":{"line":9,"column":0},"end":{"line":9,"column":35}},"9":{"start":{"line":11,"column":18},"end":{"line":19,"column":null}},"10":{"start":{"line":11,"column":29},"end":{"line":19,"column":null}},"11":{"start":{"line":12,"column":4},"end":{"line":18,"column":null}},"12":{"start":{"line":13,"column":19},"end":{"line":13,"column":61}},"13":{"start":{"line":14,"column":8},"end":{"line":14,"column":null}},"14":{"start":{"line":16,"column":8},"end":{"line":16,"column":27}},"15":{"start":{"line":17,"column":8},"end":{"line":17,"column":24}},"16":{"start":{"line":21,"column":0},"end":{"line":21,"column":25}}},"fnMap":{"0":{"name":"(anonymous_7)","decl":{"start":{"line":11,"column":18},"end":{"line":11,"column":27}},"loc":{"start":{"line":11,"column":29},"end":{"line":19,"column":null}}},"1":{"name":"(anonymous_8)","decl":{"start":{"line":11,"column":29},"end":{"line":11,"column":null}},"loc":{"start":{"line":11,"column":29},"end":{"line":19,"column":1}}}},"branchMap":{"0":{"loc":{"start":{"line":13,"column":33},"end":{"line":13,"column":60}},"type":"binary-expr","locations":[{"start":{"line":13,"column":33},"end":{"line":13,"column":54}},{"start":{"line":13,"column":58},"end":{"line":13,"column":60}}]}},"s":{"0":1,"1":1,"2":1,"3":1,"4":1,"5":1,"6":1,"7":1,"8":1,"9":1,"10":1,"11":1,"12":1,"13":1,"14":0,"15":0,"16":1},"f":{"0":1,"1":1},"b":{"0":[1,0]}}
,"/home/mariano/Documents/Projects/LPS-System/backend/controllers/clientes.ts": {"path":"/home/mariano/Documents/Projects/LPS-System/backend/controllers/clientes.ts","statementMap":{"0":{"start":{"line":2,"column":0},"end":{"line":2,"column":53}},"1":{"start":{"line":3,"column":0},"end":{"line":3,"column":51}},"2":{"start":{"line":8,"column":26},"end":{"line":28,"column":null}},"3":{"start":{"line":8,"column":64},"end":{"line":28,"column":null}},"4":{"start":{"line":10,"column":20},"end":{"line":10,"column":30}},"5":{"start":{"line":12,"column":4},"end":{"line":26,"column":null}},"6":{"start":{"line":13,"column":24},"end":{"line":13,"column":54}},"7":{"start":{"line":15,"column":8},"end":{"line":21,"column":null}},"8":{"start":{"line":16,"column":12},"end":{"line":16,"column":30}},"9":{"start":{"line":18,"column":12},"end":{"line":20,"column":15}},"10":{"start":{"line":23,"column":8},"end":{"line":25,"column":11}},"11":{"start":{"line":8,"column":13},"end":{"line":8,"column":26}},"12":{"start":{"line":33,"column":27},"end":{"line":50,"column":null}},"13":{"start":{"line":33,"column":65},"end":{"line":50,"column":null}},"14":{"start":{"line":35,"column":21},"end":{"line":35,"column":24}},"15":{"start":{"line":37,"column":4},"end":{"line":48,"column":null}},"16":{"start":{"line":39,"column":24},"end":{"line":39,"column":41}},"17":{"start":{"line":40,"column":8},"end":{"line":40,"column":29}},"18":{"start":{"line":42,"column":8},"end":{"line":42,"column":26}},"19":{"start":{"line":45,"column":8},"end":{"line":47,"column":11}},"20":{"start":{"line":33,"column":13},"end":{"line":33,"column":27}},"21":{"start":{"line":55,"column":26},"end":{"line":82,"column":null}},"22":{"start":{"line":55,"column":64},"end":{"line":82,"column":null}},"23":{"start":{"line":57,"column":20},"end":{"line":57,"column":30}},"24":{"start":{"line":58,"column":21},"end":{"line":58,"column":24}},"25":{"start":{"line":60,"column":4},"end":{"line":80,"column":null}},"26":{"start":{"line":62,"column":24},"end":{"line":62,"column":54}},"27":{"start":{"line":64,"column":8},"end":{"line":73,"column":null}},"28":{"start":{"line":65,"column":12},"end":{"line":67,"column":null}},"29":{"start":{"line":69,"column":12},"end":{"line":69,"column":42}},"30":{"start":{"line":70,"column":12},"end":{"line":72,"column":15}},"31":{"start":{"line":77,"column":8},"end":{"line":79,"column":11}},"32":{"start":{"line":55,"column":13},"end":{"line":55,"column":26}},"33":{"start":{"line":87,"column":29},"end":{"line":112,"column":null}},"34":{"start":{"line":87,"column":67},"end":{"line":112,"column":null}},"35":{"start":{"line":89,"column":20},"end":{"line":89,"column":30}},"36":{"start":{"line":91,"column":4},"end":{"line":110,"column":null}},"37":{"start":{"line":93,"column":24},"end":{"line":93,"column":54}},"38":{"start":{"line":95,"column":8},"end":{"line":104,"column":null}},"39":{"start":{"line":96,"column":12},"end":{"line":98,"column":null}},"40":{"start":{"line":100,"column":12},"end":{"line":100,"column":45}},"41":{"start":{"line":101,"column":12},"end":{"line":103,"column":15}},"42":{"start":{"line":107,"column":8},"end":{"line":109,"column":11}},"43":{"start":{"line":87,"column":13},"end":{"line":87,"column":29}}},"fnMap":{"0":{"name":"(anonymous_7)","decl":{"start":{"line":8,"column":26},"end":{"line":8,"column":33}},"loc":{"start":{"line":8,"column":64},"end":{"line":28,"column":null}}},"1":{"name":"(anonymous_8)","decl":{"start":{"line":8,"column":64},"end":{"line":8,"column":null}},"loc":{"start":{"line":8,"column":64},"end":{"line":28,"column":1}}},"2":{"name":"(anonymous_9)","decl":{"start":{"line":33,"column":27},"end":{"line":33,"column":34}},"loc":{"start":{"line":33,"column":65},"end":{"line":50,"column":null}}},"3":{"name":"(anonymous_10)","decl":{"start":{"line":33,"column":65},"end":{"line":33,"column":null}},"loc":{"start":{"line":33,"column":65},"end":{"line":50,"column":1}}},"4":{"name":"(anonymous_11)","decl":{"start":{"line":55,"column":26},"end":{"line":55,"column":33}},"loc":{"start":{"line":55,"column":64},"end":{"line":82,"column":null}}},"5":{"name":"(anonymous_12)","decl":{"start":{"line":55,"column":64},"end":{"line":55,"column":null}},"loc":{"start":{"line":55,"column":64},"end":{"line":82,"column":1}}},"6":{"name":"(anonymous_13)","decl":{"start":{"line":87,"column":29},"end":{"line":87,"column":36}},"loc":{"start":{"line":87,"column":67},"end":{"line":112,"column":null}}},"7":{"name":"(anonymous_14)","decl":{"start":{"line":87,"column":67},"end":{"line":87,"column":null}},"loc":{"start":{"line":87,"column":67},"end":{"line":112,"column":1}}}},"branchMap":{"0":{"loc":{"start":{"line":12,"column":4},"end":{"line":26,"column":null}},"type":"if","locations":[{"start":{"line":12,"column":4},"end":{"line":26,"column":null}},{"start":{"line":22,"column":11},"end":{"line":26,"column":null}}]},"1":{"loc":{"start":{"line":15,"column":8},"end":{"line":21,"column":null}},"type":"if","locations":[{"start":{"line":15,"column":8},"end":{"line":21,"column":null}},{"start":{"line":17,"column":15},"end":{"line":21,"column":null}}]},"2":{"loc":{"start":{"line":64,"column":8},"end":{"line":73,"column":null}},"type":"if","locations":[{"start":{"line":64,"column":8},"end":{"line":73,"column":null}},{"start":{"line":68,"column":15},"end":{"line":73,"column":null}}]},"3":{"loc":{"start":{"line":95,"column":8},"end":{"line":104,"column":null}},"type":"if","locations":[{"start":{"line":95,"column":8},"end":{"line":104,"column":null}},{"start":{"line":99,"column":15},"end":{"line":104,"column":null}}]}},"s":{"0":1,"1":1,"2":1,"3":16,"4":16,"5":16,"6":14,"7":14,"8":14,"9":0,"10":2,"11":1,"12":1,"13":0,"14":0,"15":0,"16":0,"17":0,"18":0,"19":0,"20":1,"21":1,"22":0,"23":0,"24":0,"25":0,"26":0,"27":0,"28":0,"29":0,"30":0,"31":0,"32":1,"33":1,"34":0,"35":0,"36":0,"37":0,"38":0,"39":0,"40":0,"41":0,"42":0,"43":1},"f":{"0":16,"1":16,"2":0,"3":0,"4":0,"5":0,"6":0,"7":0},"b":{"0":[14,2],"1":[14,0],"2":[0,0],"3":[0,0]}}
,"/home/mariano/Documents/Projects/LPS-System/backend/controllers/coberturas.ts": {"path":"/home/mariano/Documents/Projects/LPS-System/backend/controllers/coberturas.ts","statementMap":{"0":{"start":{"line":2,"column":0},"end":{"line":2,"column":69}},"1":{"start":{"line":3,"column":0},"end":{"line":3,"column":47}},"2":{"start":{"line":4,"column":0},"end":{"line":4,"column":63}},"3":{"start":{"line":5,"column":0},"end":{"line":5,"column":82}},"4":{"start":{"line":10,"column":28},"end":{"line":26,"column":null}},"5":{"start":{"line":10,"column":66},"end":{"line":26,"column":null}},"6":{"start":{"line":12,"column":32},"end":{"line":12,"column":42}},"7":{"start":{"line":14,"column":22},"end":{"line":16,"column":26}},"8":{"start":{"line":18,"column":4},"end":{"line":24,"column":null}},"9":{"start":{"line":19,"column":8},"end":{"line":19,"column":28}},"10":{"start":{"line":21,"column":8},"end":{"line":23,"column":null}},"11":{"start":{"line":10,"column":13},"end":{"line":10,"column":28}},"12":{"start":{"line":31,"column":42},"end":{"line":61,"column":null}},"13":{"start":{"line":31,"column":80},"end":{"line":61,"column":null}},"14":{"start":{"line":33,"column":45},"end":{"line":33,"column":55}},"15":{"start":{"line":35,"column":4},"end":{"line":59,"column":null}},"16":{"start":{"line":36,"column":29},"end":{"line":36,"column":94}},"17":{"start":{"line":38,"column":8},"end":{"line":54,"column":null}},"18":{"start":{"line":40,"column":31},"end":{"line":40,"column":98}},"19":{"start":{"line":42,"column":12},"end":{"line":48,"column":null}},"20":{"start":{"line":43,"column":16},"end":{"line":43,"column":37}},"21":{"start":{"line":45,"column":16},"end":{"line":47,"column":null}},"22":{"start":{"line":51,"column":12},"end":{"line":53,"column":null}},"23":{"start":{"line":56,"column":8},"end":{"line":58,"column":null}},"24":{"start":{"line":31,"column":13},"end":{"line":31,"column":42}},"25":{"start":{"line":66,"column":44},"end":{"line":96,"column":null}},"26":{"start":{"line":66,"column":82},"end":{"line":96,"column":null}},"27":{"start":{"line":68,"column":19},"end":{"line":68,"column":29}},"28":{"start":{"line":70,"column":4},"end":{"line":94,"column":null}},"29":{"start":{"line":71,"column":29},"end":{"line":71,"column":60}},"30":{"start":{"line":73,"column":8},"end":{"line":89,"column":null}},"31":{"start":{"line":75,"column":31},"end":{"line":75,"column":80}},"32":{"start":{"line":77,"column":12},"end":{"line":83,"column":null}},"33":{"start":{"line":78,"column":16},"end":{"line":78,"column":37}},"34":{"start":{"line":80,"column":16},"end":{"line":82,"column":null}},"35":{"start":{"line":86,"column":12},"end":{"line":88,"column":null}},"36":{"start":{"line":91,"column":8},"end":{"line":93,"column":null}},"37":{"start":{"line":66,"column":13},"end":{"line":66,"column":44}},"38":{"start":{"line":103,"column":29},"end":{"line":153,"column":null}},"39":{"start":{"line":103,"column":67},"end":{"line":153,"column":null}},"40":{"start":{"line":105,"column":21},"end":{"line":105,"column":24}},"41":{"start":{"line":107,"column":33},"end":{"line":107,"column":37}},"42":{"start":{"line":109,"column":4},"end":{"line":152,"column":null}},"43":{"start":{"line":110,"column":8},"end":{"line":147,"column":null}},"44":{"start":{"line":112,"column":34},"end":{"line":112,"column":36}},"45":{"start":{"line":113,"column":30},"end":{"line":113,"column":32}},"46":{"start":{"line":115,"column":12},"end":{"line":124,"column":null}},"47":{"start":{"line":115,"column":25},"end":{"line":115,"column":26}},"48":{"start":{"line":116,"column":31},"end":{"line":116,"column":71}},"49":{"start":{"line":117,"column":16},"end":{"line":123,"column":null}},"50":{"start":{"line":118,"column":20},"end":{"line":118,"column":53}},"51":{"start":{"line":120,"column":20},"end":{"line":122,"column":23}},"52":{"start":{"line":126,"column":12},"end":{"line":135,"column":null}},"53":{"start":{"line":126,"column":25},"end":{"line":126,"column":26}},"54":{"start":{"line":127,"column":38},"end":{"line":127,"column":66}},"55":{"start":{"line":128,"column":16},"end":{"line":134,"column":null}},"56":{"start":{"line":129,"column":20},"end":{"line":129,"column":56}},"57":{"start":{"line":131,"column":20},"end":{"line":133,"column":23}},"58":{"start":{"line":137,"column":30},"end":{"line":142,"column":14}},"59":{"start":{"line":144,"column":12},"end":{"line":144,"column":35}},"60":{"start":{"line":145,"column":12},"end":{"line":145,"column":32}},"61":{"start":{"line":149,"column":8},"end":{"line":151,"column":11}},"62":{"start":{"line":103,"column":13},"end":{"line":103,"column":29}},"63":{"start":{"line":158,"column":28},"end":{"line":185,"column":null}},"64":{"start":{"line":158,"column":66},"end":{"line":185,"column":null}},"65":{"start":{"line":160,"column":32},"end":{"line":160,"column":42}},"66":{"start":{"line":161,"column":21},"end":{"line":161,"column":24}},"67":{"start":{"line":163,"column":4},"end":{"line":183,"column":null}},"68":{"start":{"line":165,"column":26},"end":{"line":165,"column":70}},"69":{"start":{"line":167,"column":8},"end":{"line":176,"column":null}},"70":{"start":{"line":168,"column":12},"end":{"line":170,"column":null}},"71":{"start":{"line":172,"column":12},"end":{"line":172,"column":44}},"72":{"start":{"line":173,"column":12},"end":{"line":175,"column":15}},"73":{"start":{"line":180,"column":8},"end":{"line":182,"column":11}},"74":{"start":{"line":158,"column":13},"end":{"line":158,"column":28}},"75":{"start":{"line":190,"column":31},"end":{"line":215,"column":null}},"76":{"start":{"line":190,"column":69},"end":{"line":215,"column":null}},"77":{"start":{"line":192,"column":32},"end":{"line":192,"column":42}},"78":{"start":{"line":194,"column":4},"end":{"line":213,"column":null}},"79":{"start":{"line":196,"column":26},"end":{"line":196,"column":70}},"80":{"start":{"line":198,"column":8},"end":{"line":207,"column":null}},"81":{"start":{"line":199,"column":12},"end":{"line":201,"column":null}},"82":{"start":{"line":203,"column":12},"end":{"line":203,"column":59}},"83":{"start":{"line":204,"column":12},"end":{"line":206,"column":15}},"84":{"start":{"line":210,"column":8},"end":{"line":212,"column":11}},"85":{"start":{"line":190,"column":13},"end":{"line":190,"column":31}}},"fnMap":{"0":{"name":"(anonymous_7)","decl":{"start":{"line":10,"column":28},"end":{"line":10,"column":35}},"loc":{"start":{"line":10,"column":66},"end":{"line":26,"column":null}}},"1":{"name":"(anonymous_8)","decl":{"start":{"line":10,"column":66},"end":{"line":10,"column":null}},"loc":{"start":{"line":10,"column":66},"end":{"line":26,"column":1}}},"2":{"name":"(anonymous_9)","decl":{"start":{"line":31,"column":42},"end":{"line":31,"column":49}},"loc":{"start":{"line":31,"column":80},"end":{"line":61,"column":null}}},"3":{"name":"(anonymous_10)","decl":{"start":{"line":31,"column":80},"end":{"line":31,"column":null}},"loc":{"start":{"line":31,"column":80},"end":{"line":61,"column":1}}},"4":{"name":"(anonymous_11)","decl":{"start":{"line":66,"column":44},"end":{"line":66,"column":51}},"loc":{"start":{"line":66,"column":82},"end":{"line":96,"column":null}}},"5":{"name":"(anonymous_12)","decl":{"start":{"line":66,"column":82},"end":{"line":66,"column":null}},"loc":{"start":{"line":66,"column":82},"end":{"line":96,"column":1}}},"6":{"name":"(anonymous_13)","decl":{"start":{"line":103,"column":29},"end":{"line":103,"column":36}},"loc":{"start":{"line":103,"column":67},"end":{"line":153,"column":null}}},"7":{"name":"(anonymous_14)","decl":{"start":{"line":103,"column":67},"end":{"line":103,"column":null}},"loc":{"start":{"line":103,"column":67},"end":{"line":153,"column":1}}},"8":{"name":"(anonymous_15)","decl":{"start":{"line":158,"column":28},"end":{"line":158,"column":35}},"loc":{"start":{"line":158,"column":66},"end":{"line":185,"column":null}}},"9":{"name":"(anonymous_16)","decl":{"start":{"line":158,"column":66},"end":{"line":158,"column":null}},"loc":{"start":{"line":158,"column":66},"end":{"line":185,"column":1}}},"10":{"name":"(anonymous_17)","decl":{"start":{"line":190,"column":31},"end":{"line":190,"column":38}},"loc":{"start":{"line":190,"column":69},"end":{"line":215,"column":null}}},"11":{"name":"(anonymous_18)","decl":{"start":{"line":190,"column":69},"end":{"line":190,"column":null}},"loc":{"start":{"line":190,"column":69},"end":{"line":215,"column":1}}}},"branchMap":{"0":{"loc":{"start":{"line":18,"column":4},"end":{"line":24,"column":null}},"type":"if","locations":[{"start":{"line":18,"column":4},"end":{"line":24,"column":null}},{"start":{"line":20,"column":11},"end":{"line":24,"column":null}}]},"1":{"loc":{"start":{"line":35,"column":4},"end":{"line":59,"column":null}},"type":"if","locations":[{"start":{"line":35,"column":4},"end":{"line":59,"column":null}},{"start":{"line":55,"column":11},"end":{"line":59,"column":null}}]},"2":{"loc":{"start":{"line":38,"column":8},"end":{"line":54,"column":null}},"type":"if","locations":[{"start":{"line":38,"column":8},"end":{"line":54,"column":null}},{"start":{"line":50,"column":15},"end":{"line":54,"column":null}}]},"3":{"loc":{"start":{"line":42,"column":12},"end":{"line":48,"column":null}},"type":"if","locations":[{"start":{"line":42,"column":12},"end":{"line":48,"column":null}},{"start":{"line":44,"column":19},"end":{"line":48,"column":null}}]},"4":{"loc":{"start":{"line":70,"column":4},"end":{"line":94,"column":null}},"type":"if","locations":[{"start":{"line":70,"column":4},"end":{"line":94,"column":null}},{"start":{"line":90,"column":11},"end":{"line":94,"column":null}}]},"5":{"loc":{"start":{"line":73,"column":8},"end":{"line":89,"column":null}},"type":"if","locations":[{"start":{"line":73,"column":8},"end":{"line":89,"column":null}},{"start":{"line":85,"column":15},"end":{"line":89,"column":null}}]},"6":{"loc":{"start":{"line":77,"column":12},"end":{"line":83,"column":null}},"type":"if","locations":[{"start":{"line":77,"column":12},"end":{"line":83,"column":null}},{"start":{"line":79,"column":19},"end":{"line":83,"column":null}}]},"7":{"loc":{"start":{"line":110,"column":8},"end":{"line":147,"column":null}},"type":"if","locations":[{"start":{"line":110,"column":8},"end":{"line":147,"column":null}}]},"8":{"loc":{"start":{"line":110,"column":12},"end":{"line":110,"column":52}},"type":"binary-expr","locations":[{"start":{"line":110,"column":12},"end":{"line":110,"column":32}},{"start":{"line":110,"column":36},"end":{"line":110,"column":52}}]},"9":{"loc":{"start":{"line":117,"column":16},"end":{"line":123,"column":null}},"type":"if","locations":[{"start":{"line":117,"column":16},"end":{"line":123,"column":null}},{"start":{"line":119,"column":23},"end":{"line":123,"column":null}}]},"10":{"loc":{"start":{"line":128,"column":16},"end":{"line":134,"column":null}},"type":"if","locations":[{"start":{"line":128,"column":16},"end":{"line":134,"column":null}},{"start":{"line":130,"column":23},"end":{"line":134,"column":null}}]},"11":{"loc":{"start":{"line":167,"column":8},"end":{"line":176,"column":null}},"type":"if","locations":[{"start":{"line":167,"column":8},"end":{"line":176,"column":null}},{"start":{"line":171,"column":15},"end":{"line":176,"column":null}}]},"12":{"loc":{"start":{"line":198,"column":8},"end":{"line":207,"column":null}},"type":"if","locations":[{"start":{"line":198,"column":8},"end":{"line":207,"column":null}},{"start":{"line":202,"column":15},"end":{"line":207,"column":null}}]}},"s":{"0":1,"1":1,"2":1,"3":1,"4":1,"5":0,"6":0,"7":0,"8":0,"9":0,"10":0,"11":1,"12":1,"13":4,"14":4,"15":4,"16":4,"17":4,"18":3,"19":3,"20":3,"21":0,"22":1,"23":0,"24":1,"25":1,"26":3,"27":3,"28":3,"29":2,"30":2,"31":2,"32":2,"33":2,"34":0,"35":0,"36":1,"37":1,"38":1,"39":0,"40":0,"41":0,"42":0,"43":0,"44":0,"45":0,"46":0,"47":0,"48":0,"49":0,"50":0,"51":0,"52":0,"53":0,"54":0,"55":0,"56":0,"57":0,"58":0,"59":0,"60":0,"61":0,"62":1,"63":1,"64":0,"65":0,"66":0,"67":0,"68":0,"69":0,"70":0,"71":0,"72":0,"73":0,"74":1,"75":1,"76":0,"77":0,"78":0,"79":0,"80":0,"81":0,"82":0,"83":0,"84":0,"85":1},"f":{"0":0,"1":0,"2":4,"3":4,"4":3,"5":3,"6":0,"7":0,"8":0,"9":0,"10":0,"11":0},"b":{"0":[0,0],"1":[4,0],"2":[3,1],"3":[3,0],"4":[2,1],"5":[2,0],"6":[2,0],"7":[0],"8":[0,0],"9":[0,0],"10":[0,0],"11":[0,0],"12":[0,0]}}
,"/home/mariano/Documents/Projects/LPS-System/backend/controllers/daño.ts": {"path":"/home/mariano/Documents/Projects/LPS-System/backend/controllers/daño.ts","statementMap":{"0":{"start":{"line":2,"column":0},"end":{"line":2,"column":47}},"1":{"start":{"line":7,"column":23},"end":{"line":21,"column":null}},"2":{"start":{"line":7,"column":61},"end":{"line":21,"column":null}},"3":{"start":{"line":9,"column":23},"end":{"line":9,"column":33}},"4":{"start":{"line":11,"column":17},"end":{"line":11,"column":47}},"5":{"start":{"line":13,"column":4},"end":{"line":19,"column":null}},"6":{"start":{"line":14,"column":8},"end":{"line":14,"column":23}},"7":{"start":{"line":16,"column":8},"end":{"line":18,"column":11}},"8":{"start":{"line":7,"column":13},"end":{"line":7,"column":23}},"9":{"start":{"line":26,"column":24},"end":{"line":43,"column":null}},"10":{"start":{"line":26,"column":62},"end":{"line":43,"column":null}},"11":{"start":{"line":28,"column":21},"end":{"line":28,"column":24}},"12":{"start":{"line":30,"column":4},"end":{"line":41,"column":null}},"13":{"start":{"line":32,"column":21},"end":{"line":32,"column":35}},"14":{"start":{"line":33,"column":8},"end":{"line":33,"column":26}},"15":{"start":{"line":35,"column":8},"end":{"line":35,"column":23}},"16":{"start":{"line":38,"column":8},"end":{"line":40,"column":11}},"17":{"start":{"line":26,"column":13},"end":{"line":26,"column":24}},"18":{"start":{"line":48,"column":23},"end":{"line":75,"column":null}},"19":{"start":{"line":48,"column":61},"end":{"line":75,"column":null}},"20":{"start":{"line":50,"column":23},"end":{"line":50,"column":33}},"21":{"start":{"line":51,"column":21},"end":{"line":51,"column":24}},"22":{"start":{"line":53,"column":4},"end":{"line":73,"column":null}},"23":{"start":{"line":55,"column":21},"end":{"line":55,"column":51}},"24":{"start":{"line":57,"column":8},"end":{"line":66,"column":null}},"25":{"start":{"line":58,"column":12},"end":{"line":60,"column":null}},"26":{"start":{"line":62,"column":12},"end":{"line":62,"column":39}},"27":{"start":{"line":63,"column":12},"end":{"line":65,"column":15}},"28":{"start":{"line":70,"column":8},"end":{"line":72,"column":11}},"29":{"start":{"line":48,"column":13},"end":{"line":48,"column":23}},"30":{"start":{"line":80,"column":26},"end":{"line":105,"column":null}},"31":{"start":{"line":80,"column":64},"end":{"line":105,"column":null}},"32":{"start":{"line":82,"column":23},"end":{"line":82,"column":33}},"33":{"start":{"line":84,"column":4},"end":{"line":103,"column":null}},"34":{"start":{"line":86,"column":21},"end":{"line":86,"column":51}},"35":{"start":{"line":88,"column":8},"end":{"line":97,"column":null}},"36":{"start":{"line":89,"column":12},"end":{"line":91,"column":null}},"37":{"start":{"line":93,"column":12},"end":{"line":93,"column":45}},"38":{"start":{"line":94,"column":12},"end":{"line":96,"column":15}},"39":{"start":{"line":100,"column":8},"end":{"line":102,"column":11}},"40":{"start":{"line":80,"column":13},"end":{"line":80,"column":26}}},"fnMap":{"0":{"name":"(anonymous_7)","decl":{"start":{"line":7,"column":23},"end":{"line":7,"column":30}},"loc":{"start":{"line":7,"column":61},"end":{"line":21,"column":null}}},"1":{"name":"(anonymous_8)","decl":{"start":{"line":7,"column":61},"end":{"line":7,"column":null}},"loc":{"start":{"line":7,"column":61},"end":{"line":21,"column":1}}},"2":{"name":"(anonymous_9)","decl":{"start":{"line":26,"column":24},"end":{"line":26,"column":31}},"loc":{"start":{"line":26,"column":62},"end":{"line":43,"column":null}}},"3":{"name":"(anonymous_10)","decl":{"start":{"line":26,"column":62},"end":{"line":26,"column":null}},"loc":{"start":{"line":26,"column":62},"end":{"line":43,"column":1}}},"4":{"name":"(anonymous_11)","decl":{"start":{"line":48,"column":23},"end":{"line":48,"column":30}},"loc":{"start":{"line":48,"column":61},"end":{"line":75,"column":null}}},"5":{"name":"(anonymous_12)","decl":{"start":{"line":48,"column":61},"end":{"line":48,"column":null}},"loc":{"start":{"line":48,"column":61},"end":{"line":75,"column":1}}},"6":{"name":"(anonymous_13)","decl":{"start":{"line":80,"column":26},"end":{"line":80,"column":33}},"loc":{"start":{"line":80,"column":64},"end":{"line":105,"column":null}}},"7":{"name":"(anonymous_14)","decl":{"start":{"line":80,"column":64},"end":{"line":80,"column":null}},"loc":{"start":{"line":80,"column":64},"end":{"line":105,"column":1}}}},"branchMap":{"0":{"loc":{"start":{"line":13,"column":4},"end":{"line":19,"column":null}},"type":"if","locations":[{"start":{"line":13,"column":4},"end":{"line":19,"column":null}},{"start":{"line":15,"column":11},"end":{"line":19,"column":null}}]},"1":{"loc":{"start":{"line":57,"column":8},"end":{"line":66,"column":null}},"type":"if","locations":[{"start":{"line":57,"column":8},"end":{"line":66,"column":null}},{"start":{"line":61,"column":15},"end":{"line":66,"column":null}}]},"2":{"loc":{"start":{"line":88,"column":8},"end":{"line":97,"column":null}},"type":"if","locations":[{"start":{"line":88,"column":8},"end":{"line":97,"column":null}},{"start":{"line":92,"column":15},"end":{"line":97,"column":null}}]}},"s":{"0":1,"1":1,"2":0,"3":0,"4":0,"5":0,"6":0,"7":0,"8":1,"9":1,"10":0,"11":0,"12":0,"13":0,"14":0,"15":0,"16":0,"17":1,"18":1,"19":0,"20":0,"21":0,"22":0,"23":0,"24":0,"25":0,"26":0,"27":0,"28":0,"29":1,"30":1,"31":0,"32":0,"33":0,"34":0,"35":0,"36":0,"37":0,"38":0,"39":0,"40":1},"f":{"0":0,"1":0,"2":0,"3":0,"4":0,"5":0,"6":0,"7":0},"b":{"0":[0,0],"1":[0,0],"2":[0,0]}}
,"/home/mariano/Documents/Projects/LPS-System/backend/controllers/polizas.ts": {"path":"/home/mariano/Documents/Projects/LPS-System/backend/controllers/polizas.ts","statementMap":{"0":{"start":{"line":2,"column":0},"end":{"line":2,"column":53}},"1":{"start":{"line":3,"column":0},"end":{"line":3,"column":57}},"2":{"start":{"line":4,"column":0},"end":{"line":4,"column":81}},"3":{"start":{"line":5,"column":0},"end":{"line":5,"column":73}},"4":{"start":{"line":6,"column":0},"end":{"line":6,"column":85}},"5":{"start":{"line":11,"column":25},"end":{"line":29,"column":null}},"6":{"start":{"line":11,"column":63},"end":{"line":29,"column":null}},"7":{"start":{"line":13,"column":29},"end":{"line":13,"column":39}},"8":{"start":{"line":15,"column":19},"end":{"line":19,"column":38}},"9":{"start":{"line":21,"column":4},"end":{"line":27,"column":null}},"10":{"start":{"line":22,"column":8},"end":{"line":22,"column":25}},"11":{"start":{"line":24,"column":8},"end":{"line":26,"column":11}},"12":{"start":{"line":11,"column":13},"end":{"line":11,"column":25}},"13":{"start":{"line":34,"column":49},"end":{"line":82,"column":null}},"14":{"start":{"line":34,"column":87},"end":{"line":82,"column":null}},"15":{"start":{"line":36,"column":24},"end":{"line":36,"column":34}},"16":{"start":{"line":38,"column":4},"end":{"line":79,"column":null}},"17":{"start":{"line":40,"column":34},"end":{"line":40,"column":78}},"18":{"start":{"line":42,"column":8},"end":{"line":74,"column":null}},"19":{"start":{"line":44,"column":28},"end":{"line":44,"column":91}},"20":{"start":{"line":46,"column":12},"end":{"line":70,"column":null}},"21":{"start":{"line":47,"column":30},"end":{"line":47,"column":40}},"22":{"start":{"line":48,"column":32},"end":{"line":48,"column":33}},"23":{"start":{"line":49,"column":39},"end":{"line":49,"column":44}},"24":{"start":{"line":51,"column":16},"end":{"line":56,"column":null}},"25":{"start":{"line":52,"column":20},"end":{"line":54,"column":null}},"26":{"start":{"line":53,"column":24},"end":{"line":53,"column":39}},"27":{"start":{"line":55,"column":20},"end":{"line":55,"column":24}},"28":{"start":{"line":58,"column":16},"end":{"line":65,"column":null}},"29":{"start":{"line":59,"column":20},"end":{"line":62,"column":23}},"30":{"start":{"line":64,"column":20},"end":{"line":64,"column":109}},"31":{"start":{"line":69,"column":16},"end":{"line":69,"column":79}},"32":{"start":{"line":73,"column":12},"end":{"line":73,"column":75}},"33":{"start":{"line":76,"column":8},"end":{"line":78,"column":11}},"34":{"start":{"line":34,"column":13},"end":{"line":34,"column":49}},"35":{"start":{"line":87,"column":39},"end":{"line":138,"column":null}},"36":{"start":{"line":87,"column":77},"end":{"line":138,"column":null}},"37":{"start":{"line":89,"column":20},"end":{"line":89,"column":30}},"38":{"start":{"line":91,"column":4},"end":{"line":135,"column":null}},"39":{"start":{"line":93,"column":24},"end":{"line":93,"column":54}},"40":{"start":{"line":95,"column":8},"end":{"line":130,"column":null}},"41":{"start":{"line":97,"column":28},"end":{"line":97,"column":71}},"42":{"start":{"line":99,"column":43},"end":{"line":99,"column":45}},"43":{"start":{"line":100,"column":28},"end":{"line":100,"column":29}},"44":{"start":{"line":101,"column":28},"end":{"line":101,"column":29}},"45":{"start":{"line":103,"column":12},"end":{"line":115,"column":null}},"46":{"start":{"line":105,"column":35},"end":{"line":105,"column":45}},"47":{"start":{"line":107,"column":16},"end":{"line":113,"column":null}},"48":{"start":{"line":108,"column":42},"end":{"line":108,"column":51}},"49":{"start":{"line":109,"column":20},"end":{"line":111,"column":null}},"50":{"start":{"line":110,"column":24},"end":{"line":110,"column":51}},"51":{"start":{"line":112,"column":20},"end":{"line":112,"column":24}},"52":{"start":{"line":114,"column":16},"end":{"line":114,"column":20}},"53":{"start":{"line":117,"column":12},"end":{"line":124,"column":null}},"54":{"start":{"line":118,"column":16},"end":{"line":121,"column":19}},"55":{"start":{"line":123,"column":16},"end":{"line":123,"column":79}},"56":{"start":{"line":127,"column":12},"end":{"line":129,"column":15}},"57":{"start":{"line":132,"column":8},"end":{"line":134,"column":11}},"58":{"start":{"line":87,"column":13},"end":{"line":87,"column":39}},"59":{"start":{"line":143,"column":37},"end":{"line":178,"column":null}},"60":{"start":{"line":143,"column":75},"end":{"line":178,"column":null}},"61":{"start":{"line":145,"column":19},"end":{"line":145,"column":29}},"62":{"start":{"line":147,"column":4},"end":{"line":175,"column":null}},"63":{"start":{"line":148,"column":24},"end":{"line":160,"column":14}},"64":{"start":{"line":162,"column":8},"end":{"line":170,"column":null}},"65":{"start":{"line":164,"column":12},"end":{"line":164,"column":30}},"66":{"start":{"line":167,"column":12},"end":{"line":169,"column":15}},"67":{"start":{"line":172,"column":8},"end":{"line":174,"column":11}},"68":{"start":{"line":143,"column":13},"end":{"line":143,"column":37}},"69":{"start":{"line":183,"column":26},"end":{"line":244,"column":null}},"70":{"start":{"line":183,"column":64},"end":{"line":244,"column":null}},"71":{"start":{"line":185,"column":65},"end":{"line":185,"column":73}},"72":{"start":{"line":187,"column":4},"end":{"line":242,"column":null}},"73":{"start":{"line":189,"column":29},"end":{"line":189,"column":62}},"74":{"start":{"line":190,"column":28},"end":{"line":190,"column":38}},"75":{"start":{"line":191,"column":25},"end":{"line":191,"column":82}},"76":{"start":{"line":192,"column":32},"end":{"line":192,"column":67}},"77":{"start":{"line":194,"column":8},"end":{"line":237,"column":null}},"78":{"start":{"line":196,"column":12},"end":{"line":231,"column":null}},"79":{"start":{"line":198,"column":41},"end":{"line":198,"column":43}},"80":{"start":{"line":200,"column":16},"end":{"line":208,"column":null}},"81":{"start":{"line":200,"column":29},"end":{"line":200,"column":30}},"82":{"start":{"line":201,"column":42},"end":{"line":206,"column":null}},"83":{"start":{"line":207,"column":20},"end":{"line":207,"column":39}},"84":{"start":{"line":210,"column":31},"end":{"line":219,"column":18}},"85":{"start":{"line":221,"column":16},"end":{"line":221,"column":36}},"86":{"start":{"line":222,"column":16},"end":{"line":225,"column":19}},"87":{"start":{"line":228,"column":16},"end":{"line":230,"column":19}},"88":{"start":{"line":234,"column":12},"end":{"line":236,"column":15}},"89":{"start":{"line":239,"column":8},"end":{"line":241,"column":11}},"90":{"start":{"line":183,"column":13},"end":{"line":183,"column":26}},"91":{"start":{"line":249,"column":28},"end":{"line":274,"column":null}},"92":{"start":{"line":249,"column":66},"end":{"line":274,"column":null}},"93":{"start":{"line":251,"column":29},"end":{"line":251,"column":39}},"94":{"start":{"line":253,"column":4},"end":{"line":272,"column":null}},"95":{"start":{"line":255,"column":23},"end":{"line":255,"column":61}},"96":{"start":{"line":257,"column":8},"end":{"line":266,"column":null}},"97":{"start":{"line":258,"column":12},"end":{"line":260,"column":null}},"98":{"start":{"line":262,"column":12},"end":{"line":262,"column":53}},"99":{"start":{"line":263,"column":12},"end":{"line":265,"column":15}},"100":{"start":{"line":269,"column":8},"end":{"line":271,"column":11}},"101":{"start":{"line":249,"column":13},"end":{"line":249,"column":28}}},"fnMap":{"0":{"name":"(anonymous_7)","decl":{"start":{"line":11,"column":25},"end":{"line":11,"column":32}},"loc":{"start":{"line":11,"column":63},"end":{"line":29,"column":null}}},"1":{"name":"(anonymous_8)","decl":{"start":{"line":11,"column":63},"end":{"line":11,"column":null}},"loc":{"start":{"line":11,"column":63},"end":{"line":29,"column":1}}},"2":{"name":"(anonymous_9)","decl":{"start":{"line":34,"column":49},"end":{"line":34,"column":56}},"loc":{"start":{"line":34,"column":87},"end":{"line":82,"column":null}}},"3":{"name":"(anonymous_10)","decl":{"start":{"line":34,"column":87},"end":{"line":34,"column":null}},"loc":{"start":{"line":34,"column":87},"end":{"line":82,"column":1}}},"4":{"name":"(anonymous_11)","decl":{"start":{"line":87,"column":39},"end":{"line":87,"column":46}},"loc":{"start":{"line":87,"column":77},"end":{"line":138,"column":null}}},"5":{"name":"(anonymous_12)","decl":{"start":{"line":87,"column":77},"end":{"line":87,"column":null}},"loc":{"start":{"line":87,"column":77},"end":{"line":138,"column":1}}},"6":{"name":"(anonymous_13)","decl":{"start":{"line":143,"column":37},"end":{"line":143,"column":44}},"loc":{"start":{"line":143,"column":75},"end":{"line":178,"column":null}}},"7":{"name":"(anonymous_14)","decl":{"start":{"line":143,"column":75},"end":{"line":143,"column":null}},"loc":{"start":{"line":143,"column":75},"end":{"line":178,"column":1}}},"8":{"name":"(anonymous_15)","decl":{"start":{"line":183,"column":26},"end":{"line":183,"column":33}},"loc":{"start":{"line":183,"column":64},"end":{"line":244,"column":null}}},"9":{"name":"(anonymous_16)","decl":{"start":{"line":183,"column":64},"end":{"line":183,"column":null}},"loc":{"start":{"line":183,"column":64},"end":{"line":244,"column":1}}},"10":{"name":"(anonymous_17)","decl":{"start":{"line":249,"column":28},"end":{"line":249,"column":35}},"loc":{"start":{"line":249,"column":66},"end":{"line":274,"column":null}}},"11":{"name":"(anonymous_18)","decl":{"start":{"line":249,"column":66},"end":{"line":249,"column":null}},"loc":{"start":{"line":249,"column":66},"end":{"line":274,"column":1}}}},"branchMap":{"0":{"loc":{"start":{"line":21,"column":4},"end":{"line":27,"column":null}},"type":"if","locations":[{"start":{"line":21,"column":4},"end":{"line":27,"column":null}},{"start":{"line":23,"column":11},"end":{"line":27,"column":null}}]},"1":{"loc":{"start":{"line":38,"column":4},"end":{"line":79,"column":null}},"type":"if","locations":[{"start":{"line":38,"column":4},"end":{"line":79,"column":null}},{"start":{"line":75,"column":11},"end":{"line":79,"column":null}}]},"2":{"loc":{"start":{"line":42,"column":8},"end":{"line":74,"column":null}},"type":"if","locations":[{"start":{"line":42,"column":8},"end":{"line":74,"column":null}},{"start":{"line":72,"column":15},"end":{"line":74,"column":null}}]},"3":{"loc":{"start":{"line":46,"column":12},"end":{"line":70,"column":null}},"type":"if","locations":[{"start":{"line":46,"column":12},"end":{"line":70,"column":null}},{"start":{"line":68,"column":19},"end":{"line":70,"column":null}}]},"4":{"loc":{"start":{"line":51,"column":23},"end":{"line":51,"column":53}},"type":"binary-expr","locations":[{"start":{"line":51,"column":23},"end":{"line":51,"column":41}},{"start":{"line":51,"column":45},"end":{"line":51,"column":53}}]},"5":{"loc":{"start":{"line":52,"column":20},"end":{"line":54,"column":null}},"type":"if","locations":[{"start":{"line":52,"column":20},"end":{"line":54,"column":null}}]},"6":{"loc":{"start":{"line":58,"column":16},"end":{"line":65,"column":null}},"type":"if","locations":[{"start":{"line":58,"column":16},"end":{"line":65,"column":null}},{"start":{"line":63,"column":23},"end":{"line":65,"column":null}}]},"7":{"loc":{"start":{"line":91,"column":4},"end":{"line":135,"column":null}},"type":"if","locations":[{"start":{"line":91,"column":4},"end":{"line":135,"column":null}},{"start":{"line":131,"column":11},"end":{"line":135,"column":null}}]},"8":{"loc":{"start":{"line":95,"column":8},"end":{"line":130,"column":null}},"type":"if","locations":[{"start":{"line":95,"column":8},"end":{"line":130,"column":null}},{"start":{"line":126,"column":15},"end":{"line":130,"column":null}}]},"9":{"loc":{"start":{"line":109,"column":20},"end":{"line":111,"column":null}},"type":"if","locations":[{"start":{"line":109,"column":20},"end":{"line":111,"column":null}}]},"10":{"loc":{"start":{"line":117,"column":12},"end":{"line":124,"column":null}},"type":"if","locations":[{"start":{"line":117,"column":12},"end":{"line":124,"column":null}},{"start":{"line":122,"column":19},"end":{"line":124,"column":null}}]},"11":{"loc":{"start":{"line":147,"column":4},"end":{"line":175,"column":null}},"type":"if","locations":[{"start":{"line":147,"column":4},"end":{"line":175,"column":null}},{"start":{"line":171,"column":11},"end":{"line":175,"column":null}}]},"12":{"loc":{"start":{"line":162,"column":8},"end":{"line":170,"column":null}},"type":"if","locations":[{"start":{"line":162,"column":8},"end":{"line":170,"column":null}},{"start":{"line":166,"column":15},"end":{"line":170,"column":null}}]},"13":{"loc":{"start":{"line":187,"column":4},"end":{"line":242,"column":null}},"type":"if","locations":[{"start":{"line":187,"column":4},"end":{"line":242,"column":null}},{"start":{"line":238,"column":11},"end":{"line":242,"column":null}}]},"14":{"loc":{"start":{"line":187,"column":8},"end":{"line":187,"column":138}},"type":"binary-expr","locations":[{"start":{"line":187,"column":8},"end":{"line":187,"column":36}},{"start":{"line":187,"column":40},"end":{"line":187,"column":66}},{"start":{"line":187,"column":70},"end":{"line":187,"column":98}},{"start":{"line":187,"column":102},"end":{"line":187,"column":138}}]},"15":{"loc":{"start":{"line":196,"column":12},"end":{"line":231,"column":null}},"type":"if","locations":[{"start":{"line":196,"column":12},"end":{"line":231,"column":null}},{"start":{"line":227,"column":19},"end":{"line":231,"column":null}}]},"16":{"loc":{"start":{"line":257,"column":8},"end":{"line":266,"column":null}},"type":"if","locations":[{"start":{"line":257,"column":8},"end":{"line":266,"column":null}},{"start":{"line":261,"column":15},"end":{"line":266,"column":null}}]}},"s":{"0":1,"1":1,"2":1,"3":1,"4":1,"5":1,"6":0,"7":0,"8":0,"9":0,"10":0,"11":0,"12":1,"13":1,"14":12,"15":12,"16":12,"17":11,"18":11,"19":6,"20":6,"21":6,"22":6,"23":6,"24":6,"25":6,"26":1,"27":6,"28":6,"29":1,"30":5,"31":0,"32":5,"33":1,"34":1,"35":1,"36":10,"37":10,"38":10,"39":10,"40":10,"41":10,"42":10,"43":10,"44":10,"45":10,"46":4,"47":4,"48":6,"49":6,"50":6,"51":6,"52":4,"53":10,"54":2,"55":8,"56":0,"57":0,"58":1,"59":1,"60":2,"61":2,"62":2,"63":2,"64":2,"65":1,"66":1,"67":0,"68":1,"69":1,"70":4,"71":4,"72":4,"73":2,"74":2,"75":2,"76":2,"77":2,"78":2,"79":2,"80":2,"81":2,"82":6,"83":6,"84":2,"85":2,"86":2,"87":0,"88":0,"89":2,"90":1,"91":1,"92":2,"93":2,"94":2,"95":2,"96":2,"97":0,"98":2,"99":2,"100":0,"101":1},"f":{"0":0,"1":0,"2":12,"3":12,"4":10,"5":10,"6":2,"7":2,"8":4,"9":4,"10":2,"11":2},"b":{"0":[0,0],"1":[11,1],"2":[6,5],"3":[6,0],"4":[12,6],"5":[1],"6":[1,5],"7":[10,0],"8":[10,0],"9":[6],"10":[2,8],"11":[2,0],"12":[1,1],"13":[2,2],"14":[4,4,4,4],"15":[2,0],"16":[0,2]}}
,"/home/mariano/Documents/Projects/LPS-System/backend/controllers/productores.ts": {"path":"/home/mariano/Documents/Projects/LPS-System/backend/controllers/productores.ts","statementMap":{"0":{"start":{"line":2,"column":0},"end":{"line":2,"column":57}},"1":{"start":{"line":3,"column":0},"end":{"line":3,"column":55}},"2":{"start":{"line":4,"column":0},"end":{"line":4,"column":63}},"3":{"start":{"line":9,"column":28},"end":{"line":30,"column":null}},"4":{"start":{"line":9,"column":66},"end":{"line":30,"column":null}},"5":{"start":{"line":11,"column":32},"end":{"line":11,"column":42}},"6":{"start":{"line":13,"column":4},"end":{"line":27,"column":null}},"7":{"start":{"line":14,"column":26},"end":{"line":14,"column":91}},"8":{"start":{"line":16,"column":8},"end":{"line":22,"column":null}},"9":{"start":{"line":17,"column":12},"end":{"line":17,"column":32}},"10":{"start":{"line":19,"column":12},"end":{"line":21,"column":null}},"11":{"start":{"line":24,"column":8},"end":{"line":26,"column":null}},"12":{"start":{"line":9,"column":13},"end":{"line":9,"column":28}},"13":{"start":{"line":35,"column":29},"end":{"line":66,"column":null}},"14":{"start":{"line":35,"column":67},"end":{"line":66,"column":null}},"15":{"start":{"line":37,"column":72},"end":{"line":37,"column":80}},"16":{"start":{"line":39,"column":4},"end":{"line":64,"column":null}},"17":{"start":{"line":41,"column":35},"end":{"line":41,"column":79}},"18":{"start":{"line":43,"column":8},"end":{"line":58,"column":null}},"19":{"start":{"line":44,"column":30},"end":{"line":51,"column":14}},"20":{"start":{"line":52,"column":12},"end":{"line":52,"column":35}},"21":{"start":{"line":53,"column":12},"end":{"line":53,"column":32}},"22":{"start":{"line":55,"column":12},"end":{"line":57,"column":null}},"23":{"start":{"line":61,"column":8},"end":{"line":63,"column":11}},"24":{"start":{"line":35,"column":13},"end":{"line":35,"column":29}},"25":{"start":{"line":71,"column":28},"end":{"line":98,"column":null}},"26":{"start":{"line":71,"column":66},"end":{"line":98,"column":null}},"27":{"start":{"line":73,"column":32},"end":{"line":73,"column":42}},"28":{"start":{"line":74,"column":21},"end":{"line":74,"column":24}},"29":{"start":{"line":76,"column":4},"end":{"line":96,"column":null}},"30":{"start":{"line":78,"column":26},"end":{"line":78,"column":70}},"31":{"start":{"line":80,"column":8},"end":{"line":89,"column":null}},"32":{"start":{"line":81,"column":12},"end":{"line":83,"column":null}},"33":{"start":{"line":85,"column":12},"end":{"line":85,"column":44}},"34":{"start":{"line":86,"column":12},"end":{"line":88,"column":15}},"35":{"start":{"line":93,"column":8},"end":{"line":95,"column":11}},"36":{"start":{"line":71,"column":13},"end":{"line":71,"column":28}},"37":{"start":{"line":103,"column":31},"end":{"line":128,"column":null}},"38":{"start":{"line":103,"column":69},"end":{"line":128,"column":null}},"39":{"start":{"line":105,"column":32},"end":{"line":105,"column":42}},"40":{"start":{"line":107,"column":4},"end":{"line":126,"column":null}},"41":{"start":{"line":109,"column":26},"end":{"line":109,"column":70}},"42":{"start":{"line":111,"column":8},"end":{"line":120,"column":null}},"43":{"start":{"line":112,"column":12},"end":{"line":114,"column":null}},"44":{"start":{"line":116,"column":12},"end":{"line":116,"column":59}},"45":{"start":{"line":117,"column":12},"end":{"line":119,"column":15}},"46":{"start":{"line":123,"column":8},"end":{"line":125,"column":11}},"47":{"start":{"line":103,"column":13},"end":{"line":103,"column":31}}},"fnMap":{"0":{"name":"(anonymous_7)","decl":{"start":{"line":9,"column":28},"end":{"line":9,"column":35}},"loc":{"start":{"line":9,"column":66},"end":{"line":30,"column":null}}},"1":{"name":"(anonymous_8)","decl":{"start":{"line":9,"column":66},"end":{"line":9,"column":null}},"loc":{"start":{"line":9,"column":66},"end":{"line":30,"column":1}}},"2":{"name":"(anonymous_9)","decl":{"start":{"line":35,"column":29},"end":{"line":35,"column":36}},"loc":{"start":{"line":35,"column":67},"end":{"line":66,"column":null}}},"3":{"name":"(anonymous_10)","decl":{"start":{"line":35,"column":67},"end":{"line":35,"column":null}},"loc":{"start":{"line":35,"column":67},"end":{"line":66,"column":1}}},"4":{"name":"(anonymous_11)","decl":{"start":{"line":71,"column":28},"end":{"line":71,"column":35}},"loc":{"start":{"line":71,"column":66},"end":{"line":98,"column":null}}},"5":{"name":"(anonymous_12)","decl":{"start":{"line":71,"column":66},"end":{"line":71,"column":null}},"loc":{"start":{"line":71,"column":66},"end":{"line":98,"column":1}}},"6":{"name":"(anonymous_13)","decl":{"start":{"line":103,"column":31},"end":{"line":103,"column":38}},"loc":{"start":{"line":103,"column":69},"end":{"line":128,"column":null}}},"7":{"name":"(anonymous_14)","decl":{"start":{"line":103,"column":69},"end":{"line":103,"column":null}},"loc":{"start":{"line":103,"column":69},"end":{"line":128,"column":1}}}},"branchMap":{"0":{"loc":{"start":{"line":13,"column":4},"end":{"line":27,"column":null}},"type":"if","locations":[{"start":{"line":13,"column":4},"end":{"line":27,"column":null}},{"start":{"line":23,"column":11},"end":{"line":27,"column":null}}]},"1":{"loc":{"start":{"line":16,"column":8},"end":{"line":22,"column":null}},"type":"if","locations":[{"start":{"line":16,"column":8},"end":{"line":22,"column":null}},{"start":{"line":18,"column":15},"end":{"line":22,"column":null}}]},"2":{"loc":{"start":{"line":43,"column":8},"end":{"line":58,"column":null}},"type":"if","locations":[{"start":{"line":43,"column":8},"end":{"line":58,"column":null}},{"start":{"line":54,"column":15},"end":{"line":58,"column":null}}]},"3":{"loc":{"start":{"line":80,"column":8},"end":{"line":89,"column":null}},"type":"if","locations":[{"start":{"line":80,"column":8},"end":{"line":89,"column":null}},{"start":{"line":84,"column":15},"end":{"line":89,"column":null}}]},"4":{"loc":{"start":{"line":111,"column":8},"end":{"line":120,"column":null}},"type":"if","locations":[{"start":{"line":111,"column":8},"end":{"line":120,"column":null}},{"start":{"line":115,"column":15},"end":{"line":120,"column":null}}]}},"s":{"0":1,"1":1,"2":1,"3":1,"4":14,"5":14,"6":14,"7":13,"8":13,"9":13,"10":0,"11":1,"12":1,"13":1,"14":0,"15":0,"16":0,"17":0,"18":0,"19":0,"20":0,"21":0,"22":0,"23":0,"24":1,"25":1,"26":0,"27":0,"28":0,"29":0,"30":0,"31":0,"32":0,"33":0,"34":0,"35":0,"36":1,"37":1,"38":0,"39":0,"40":0,"41":0,"42":0,"43":0,"44":0,"45":0,"46":0,"47":1},"f":{"0":14,"1":14,"2":0,"3":0,"4":0,"5":0,"6":0,"7":0},"b":{"0":[13,1],"1":[13,0],"2":[0,0],"3":[0,0],"4":[0,0]}}
,"/home/mariano/Documents/Projects/LPS-System/backend/controllers/sucursales.ts": {"path":"/home/mariano/Documents/Projects/LPS-System/backend/controllers/sucursales.ts","statementMap":{"0":{"start":{"line":2,"column":0},"end":{"line":2,"column":55}},"1":{"start":{"line":7,"column":27},"end":{"line":21,"column":null}},"2":{"start":{"line":7,"column":65},"end":{"line":21,"column":null}},"3":{"start":{"line":9,"column":23},"end":{"line":9,"column":33}},"4":{"start":{"line":11,"column":21},"end":{"line":11,"column":55}},"5":{"start":{"line":13,"column":4},"end":{"line":19,"column":null}},"6":{"start":{"line":14,"column":8},"end":{"line":14,"column":27}},"7":{"start":{"line":16,"column":8},"end":{"line":18,"column":11}},"8":{"start":{"line":7,"column":13},"end":{"line":7,"column":27}},"9":{"start":{"line":26,"column":28},"end":{"line":43,"column":null}},"10":{"start":{"line":26,"column":66},"end":{"line":43,"column":null}},"11":{"start":{"line":28,"column":21},"end":{"line":28,"column":24}},"12":{"start":{"line":30,"column":4},"end":{"line":41,"column":null}},"13":{"start":{"line":32,"column":25},"end":{"line":32,"column":43}},"14":{"start":{"line":33,"column":8},"end":{"line":33,"column":30}},"15":{"start":{"line":35,"column":8},"end":{"line":35,"column":27}},"16":{"start":{"line":38,"column":8},"end":{"line":40,"column":11}},"17":{"start":{"line":26,"column":13},"end":{"line":26,"column":28}},"18":{"start":{"line":48,"column":27},"end":{"line":74,"column":null}},"19":{"start":{"line":48,"column":65},"end":{"line":74,"column":null}},"20":{"start":{"line":50,"column":23},"end":{"line":50,"column":33}},"21":{"start":{"line":51,"column":21},"end":{"line":51,"column":24}},"22":{"start":{"line":53,"column":4},"end":{"line":72,"column":null}},"23":{"start":{"line":55,"column":25},"end":{"line":55,"column":59}},"24":{"start":{"line":57,"column":8},"end":{"line":66,"column":null}},"25":{"start":{"line":58,"column":12},"end":{"line":60,"column":null}},"26":{"start":{"line":62,"column":12},"end":{"line":62,"column":43}},"27":{"start":{"line":63,"column":12},"end":{"line":65,"column":15}},"28":{"start":{"line":69,"column":8},"end":{"line":71,"column":11}},"29":{"start":{"line":48,"column":13},"end":{"line":48,"column":27}},"30":{"start":{"line":79,"column":30},"end":{"line":103,"column":null}},"31":{"start":{"line":79,"column":68},"end":{"line":103,"column":null}},"32":{"start":{"line":81,"column":23},"end":{"line":81,"column":33}},"33":{"start":{"line":83,"column":4},"end":{"line":102,"column":null}},"34":{"start":{"line":85,"column":25},"end":{"line":85,"column":59}},"35":{"start":{"line":87,"column":8},"end":{"line":96,"column":null}},"36":{"start":{"line":88,"column":12},"end":{"line":90,"column":null}},"37":{"start":{"line":92,"column":12},"end":{"line":92,"column":49}},"38":{"start":{"line":93,"column":12},"end":{"line":95,"column":15}},"39":{"start":{"line":99,"column":8},"end":{"line":101,"column":11}},"40":{"start":{"line":79,"column":13},"end":{"line":79,"column":30}}},"fnMap":{"0":{"name":"(anonymous_7)","decl":{"start":{"line":7,"column":27},"end":{"line":7,"column":34}},"loc":{"start":{"line":7,"column":65},"end":{"line":21,"column":null}}},"1":{"name":"(anonymous_8)","decl":{"start":{"line":7,"column":65},"end":{"line":7,"column":null}},"loc":{"start":{"line":7,"column":65},"end":{"line":21,"column":1}}},"2":{"name":"(anonymous_9)","decl":{"start":{"line":26,"column":28},"end":{"line":26,"column":35}},"loc":{"start":{"line":26,"column":66},"end":{"line":43,"column":null}}},"3":{"name":"(anonymous_10)","decl":{"start":{"line":26,"column":66},"end":{"line":26,"column":null}},"loc":{"start":{"line":26,"column":66},"end":{"line":43,"column":1}}},"4":{"name":"(anonymous_11)","decl":{"start":{"line":48,"column":27},"end":{"line":48,"column":34}},"loc":{"start":{"line":48,"column":65},"end":{"line":74,"column":null}}},"5":{"name":"(anonymous_12)","decl":{"start":{"line":48,"column":65},"end":{"line":48,"column":null}},"loc":{"start":{"line":48,"column":65},"end":{"line":74,"column":1}}},"6":{"name":"(anonymous_13)","decl":{"start":{"line":79,"column":30},"end":{"line":79,"column":37}},"loc":{"start":{"line":79,"column":68},"end":{"line":103,"column":null}}},"7":{"name":"(anonymous_14)","decl":{"start":{"line":79,"column":68},"end":{"line":79,"column":null}},"loc":{"start":{"line":79,"column":68},"end":{"line":103,"column":1}}}},"branchMap":{"0":{"loc":{"start":{"line":13,"column":4},"end":{"line":19,"column":null}},"type":"if","locations":[{"start":{"line":13,"column":4},"end":{"line":19,"column":null}},{"start":{"line":15,"column":11},"end":{"line":19,"column":null}}]},"1":{"loc":{"start":{"line":57,"column":8},"end":{"line":66,"column":null}},"type":"if","locations":[{"start":{"line":57,"column":8},"end":{"line":66,"column":null}},{"start":{"line":61,"column":15},"end":{"line":66,"column":null}}]},"2":{"loc":{"start":{"line":87,"column":8},"end":{"line":96,"column":null}},"type":"if","locations":[{"start":{"line":87,"column":8},"end":{"line":96,"column":null}},{"start":{"line":91,"column":15},"end":{"line":96,"column":null}}]}},"s":{"0":1,"1":1,"2":0,"3":0,"4":0,"5":0,"6":0,"7":0,"8":1,"9":1,"10":0,"11":0,"12":0,"13":0,"14":0,"15":0,"16":0,"17":1,"18":1,"19":0,"20":0,"21":0,"22":0,"23":0,"24":0,"25":0,"26":0,"27":0,"28":0,"29":1,"30":1,"31":0,"32":0,"33":0,"34":0,"35":0,"36":0,"37":0,"38":0,"39":0,"40":1},"f":{"0":0,"1":0,"2":0,"3":0,"4":0,"5":0,"6":0,"7":0},"b":{"0":[0,0],"1":[0,0],"2":[0,0]}}
,"/home/mariano/Documents/Projects/LPS-System/backend/controllers/tiposVehiculos.ts": {"path":"/home/mariano/Documents/Projects/LPS-System/backend/controllers/tiposVehiculos.ts","statementMap":{"0":{"start":{"line":2,"column":0},"end":{"line":2,"column":63}},"1":{"start":{"line":7,"column":31},"end":{"line":20,"column":null}},"2":{"start":{"line":7,"column":69},"end":{"line":20,"column":null}},"3":{"start":{"line":9,"column":45},"end":{"line":9,"column":55}},"4":{"start":{"line":11,"column":25},"end":{"line":11,"column":90}},"5":{"start":{"line":13,"column":4},"end":{"line":19,"column":null}},"6":{"start":{"line":14,"column":8},"end":{"line":14,"column":31}},"7":{"start":{"line":16,"column":8},"end":{"line":18,"column":11}},"8":{"start":{"line":7,"column":13},"end":{"line":7,"column":31}},"9":{"start":{"line":25,"column":32},"end":{"line":42,"column":null}},"10":{"start":{"line":25,"column":70},"end":{"line":42,"column":null}},"11":{"start":{"line":27,"column":21},"end":{"line":27,"column":24}},"12":{"start":{"line":29,"column":4},"end":{"line":40,"column":null}},"13":{"start":{"line":31,"column":29},"end":{"line":31,"column":51}},"14":{"start":{"line":32,"column":8},"end":{"line":32,"column":34}},"15":{"start":{"line":34,"column":8},"end":{"line":34,"column":31}},"16":{"start":{"line":37,"column":8},"end":{"line":39,"column":11}},"17":{"start":{"line":25,"column":13},"end":{"line":25,"column":32}},"18":{"start":{"line":47,"column":31},"end":{"line":74,"column":null}},"19":{"start":{"line":47,"column":69},"end":{"line":74,"column":null}},"20":{"start":{"line":49,"column":45},"end":{"line":49,"column":55}},"21":{"start":{"line":50,"column":21},"end":{"line":50,"column":24}},"22":{"start":{"line":52,"column":4},"end":{"line":72,"column":null}},"23":{"start":{"line":54,"column":29},"end":{"line":54,"column":94}},"24":{"start":{"line":56,"column":8},"end":{"line":65,"column":null}},"25":{"start":{"line":57,"column":12},"end":{"line":59,"column":null}},"26":{"start":{"line":61,"column":12},"end":{"line":61,"column":47}},"27":{"start":{"line":62,"column":12},"end":{"line":64,"column":15}},"28":{"start":{"line":69,"column":8},"end":{"line":71,"column":11}},"29":{"start":{"line":47,"column":13},"end":{"line":47,"column":31}},"30":{"start":{"line":79,"column":34},"end":{"line":103,"column":null}},"31":{"start":{"line":79,"column":72},"end":{"line":103,"column":null}},"32":{"start":{"line":81,"column":45},"end":{"line":81,"column":55}},"33":{"start":{"line":82,"column":4},"end":{"line":101,"column":null}},"34":{"start":{"line":84,"column":29},"end":{"line":84,"column":94}},"35":{"start":{"line":86,"column":8},"end":{"line":95,"column":null}},"36":{"start":{"line":87,"column":12},"end":{"line":89,"column":null}},"37":{"start":{"line":91,"column":12},"end":{"line":91,"column":80}},"38":{"start":{"line":92,"column":12},"end":{"line":94,"column":15}},"39":{"start":{"line":98,"column":8},"end":{"line":100,"column":11}},"40":{"start":{"line":79,"column":13},"end":{"line":79,"column":34}}},"fnMap":{"0":{"name":"(anonymous_7)","decl":{"start":{"line":7,"column":31},"end":{"line":7,"column":38}},"loc":{"start":{"line":7,"column":69},"end":{"line":20,"column":null}}},"1":{"name":"(anonymous_8)","decl":{"start":{"line":7,"column":69},"end":{"line":7,"column":null}},"loc":{"start":{"line":7,"column":69},"end":{"line":20,"column":1}}},"2":{"name":"(anonymous_9)","decl":{"start":{"line":25,"column":32},"end":{"line":25,"column":39}},"loc":{"start":{"line":25,"column":70},"end":{"line":42,"column":null}}},"3":{"name":"(anonymous_10)","decl":{"start":{"line":25,"column":70},"end":{"line":25,"column":null}},"loc":{"start":{"line":25,"column":70},"end":{"line":42,"column":1}}},"4":{"name":"(anonymous_11)","decl":{"start":{"line":47,"column":31},"end":{"line":47,"column":38}},"loc":{"start":{"line":47,"column":69},"end":{"line":74,"column":null}}},"5":{"name":"(anonymous_12)","decl":{"start":{"line":47,"column":69},"end":{"line":47,"column":null}},"loc":{"start":{"line":47,"column":69},"end":{"line":74,"column":1}}},"6":{"name":"(anonymous_13)","decl":{"start":{"line":79,"column":34},"end":{"line":79,"column":41}},"loc":{"start":{"line":79,"column":72},"end":{"line":103,"column":null}}},"7":{"name":"(anonymous_14)","decl":{"start":{"line":79,"column":72},"end":{"line":79,"column":null}},"loc":{"start":{"line":79,"column":72},"end":{"line":103,"column":1}}}},"branchMap":{"0":{"loc":{"start":{"line":13,"column":4},"end":{"line":19,"column":null}},"type":"if","locations":[{"start":{"line":13,"column":4},"end":{"line":19,"column":null}},{"start":{"line":15,"column":11},"end":{"line":19,"column":null}}]},"1":{"loc":{"start":{"line":56,"column":8},"end":{"line":65,"column":null}},"type":"if","locations":[{"start":{"line":56,"column":8},"end":{"line":65,"column":null}},{"start":{"line":60,"column":15},"end":{"line":65,"column":null}}]},"2":{"loc":{"start":{"line":86,"column":8},"end":{"line":95,"column":null}},"type":"if","locations":[{"start":{"line":86,"column":8},"end":{"line":95,"column":null}},{"start":{"line":90,"column":15},"end":{"line":95,"column":null}}]}},"s":{"0":1,"1":1,"2":0,"3":0,"4":0,"5":0,"6":0,"7":0,"8":1,"9":1,"10":0,"11":0,"12":0,"13":0,"14":0,"15":0,"16":0,"17":1,"18":1,"19":0,"20":0,"21":0,"22":0,"23":0,"24":0,"25":0,"26":0,"27":0,"28":0,"29":1,"30":1,"31":0,"32":0,"33":0,"34":0,"35":0,"36":0,"37":0,"38":0,"39":0,"40":1},"f":{"0":0,"1":0,"2":0,"3":0,"4":0,"5":0,"6":0,"7":0},"b":{"0":[0,0],"1":[0,0],"2":[0,0]}}
,"/home/mariano/Documents/Projects/LPS-System/backend/controllers/vehiculosAsegurados.ts": {"path":"/home/mariano/Documents/Projects/LPS-System/backend/controllers/vehiculosAsegurados.ts","statementMap":{"0":{"start":{"line":2,"column":0},"end":{"line":2,"column":63}},"1":{"start":{"line":3,"column":0},"end":{"line":3,"column":73}},"2":{"start":{"line":4,"column":0},"end":{"line":4,"column":97}},"3":{"start":{"line":9,"column":36},"end":{"line":24,"column":null}},"4":{"start":{"line":9,"column":74},"end":{"line":24,"column":null}},"5":{"start":{"line":11,"column":24},"end":{"line":11,"column":34}},"6":{"start":{"line":13,"column":30},"end":{"line":14,"column":33}},"7":{"start":{"line":16,"column":4},"end":{"line":22,"column":null}},"8":{"start":{"line":17,"column":8},"end":{"line":17,"column":36}},"9":{"start":{"line":19,"column":8},"end":{"line":21,"column":null}},"10":{"start":{"line":9,"column":13},"end":{"line":9,"column":36}},"11":{"start":{"line":29,"column":37},"end":{"line":52,"column":null}},"12":{"start":{"line":29,"column":75},"end":{"line":52,"column":null}},"13":{"start":{"line":31,"column":19},"end":{"line":31,"column":29}},"14":{"start":{"line":33,"column":4},"end":{"line":49,"column":null}},"15":{"start":{"line":34,"column":29},"end":{"line":34,"column":90}},"16":{"start":{"line":36,"column":8},"end":{"line":44,"column":null}},"17":{"start":{"line":38,"column":12},"end":{"line":38,"column":70}},"18":{"start":{"line":41,"column":12},"end":{"line":43,"column":15}},"19":{"start":{"line":46,"column":8},"end":{"line":48,"column":11}},"20":{"start":{"line":29,"column":13},"end":{"line":29,"column":37}},"21":{"start":{"line":57,"column":37},"end":{"line":101,"column":null}},"22":{"start":{"line":57,"column":75},"end":{"line":101,"column":null}},"23":{"start":{"line":59,"column":21},"end":{"line":59,"column":24}},"24":{"start":{"line":60,"column":48},"end":{"line":60,"column":52}},"25":{"start":{"line":61,"column":44},"end":{"line":61,"column":52}},"26":{"start":{"line":63,"column":4},"end":{"line":97,"column":null}},"27":{"start":{"line":65,"column":8},"end":{"line":92,"column":null}},"28":{"start":{"line":66,"column":33},"end":{"line":66,"column":92}},"29":{"start":{"line":68,"column":12},"end":{"line":84,"column":null}},"30":{"start":{"line":70,"column":42},"end":{"line":75,"column":18}},"31":{"start":{"line":77,"column":16},"end":{"line":77,"column":47}},"32":{"start":{"line":78,"column":16},"end":{"line":78,"column":44}},"33":{"start":{"line":81,"column":16},"end":{"line":83,"column":19}},"34":{"start":{"line":88,"column":12},"end":{"line":88,"column":null}},"35":{"start":{"line":89,"column":12},"end":{"line":91,"column":15}},"36":{"start":{"line":94,"column":8},"end":{"line":96,"column":null}},"37":{"start":{"line":57,"column":13},"end":{"line":57,"column":37}},"38":{"start":{"line":106,"column":36},"end":{"line":132,"column":null}},"39":{"start":{"line":106,"column":74},"end":{"line":132,"column":null}},"40":{"start":{"line":108,"column":24},"end":{"line":108,"column":34}},"41":{"start":{"line":109,"column":21},"end":{"line":109,"column":24}},"42":{"start":{"line":111,"column":4},"end":{"line":130,"column":null}},"43":{"start":{"line":113,"column":34},"end":{"line":113,"column":78}},"44":{"start":{"line":115,"column":8},"end":{"line":124,"column":null}},"45":{"start":{"line":116,"column":12},"end":{"line":118,"column":null}},"46":{"start":{"line":120,"column":12},"end":{"line":120,"column":52}},"47":{"start":{"line":121,"column":12},"end":{"line":123,"column":15}},"48":{"start":{"line":127,"column":8},"end":{"line":129,"column":11}},"49":{"start":{"line":106,"column":13},"end":{"line":106,"column":36}},"50":{"start":{"line":137,"column":39},"end":{"line":161,"column":null}},"51":{"start":{"line":137,"column":77},"end":{"line":161,"column":null}},"52":{"start":{"line":139,"column":24},"end":{"line":139,"column":34}},"53":{"start":{"line":140,"column":4},"end":{"line":159,"column":null}},"54":{"start":{"line":142,"column":34},"end":{"line":142,"column":78}},"55":{"start":{"line":144,"column":8},"end":{"line":153,"column":null}},"56":{"start":{"line":145,"column":12},"end":{"line":147,"column":null}},"57":{"start":{"line":149,"column":12},"end":{"line":149,"column":59}},"58":{"start":{"line":150,"column":12},"end":{"line":152,"column":15}},"59":{"start":{"line":156,"column":8},"end":{"line":158,"column":11}},"60":{"start":{"line":137,"column":13},"end":{"line":137,"column":39}}},"fnMap":{"0":{"name":"(anonymous_7)","decl":{"start":{"line":9,"column":36},"end":{"line":9,"column":43}},"loc":{"start":{"line":9,"column":74},"end":{"line":24,"column":null}}},"1":{"name":"(anonymous_8)","decl":{"start":{"line":9,"column":74},"end":{"line":9,"column":null}},"loc":{"start":{"line":9,"column":74},"end":{"line":24,"column":1}}},"2":{"name":"(anonymous_9)","decl":{"start":{"line":29,"column":37},"end":{"line":29,"column":44}},"loc":{"start":{"line":29,"column":75},"end":{"line":52,"column":null}}},"3":{"name":"(anonymous_10)","decl":{"start":{"line":29,"column":75},"end":{"line":29,"column":null}},"loc":{"start":{"line":29,"column":75},"end":{"line":52,"column":1}}},"4":{"name":"(anonymous_11)","decl":{"start":{"line":57,"column":37},"end":{"line":57,"column":44}},"loc":{"start":{"line":57,"column":75},"end":{"line":101,"column":null}}},"5":{"name":"(anonymous_12)","decl":{"start":{"line":57,"column":75},"end":{"line":57,"column":null}},"loc":{"start":{"line":57,"column":75},"end":{"line":101,"column":1}}},"6":{"name":"(anonymous_13)","decl":{"start":{"line":106,"column":36},"end":{"line":106,"column":43}},"loc":{"start":{"line":106,"column":74},"end":{"line":132,"column":null}}},"7":{"name":"(anonymous_14)","decl":{"start":{"line":106,"column":74},"end":{"line":106,"column":null}},"loc":{"start":{"line":106,"column":74},"end":{"line":132,"column":1}}},"8":{"name":"(anonymous_15)","decl":{"start":{"line":137,"column":39},"end":{"line":137,"column":46}},"loc":{"start":{"line":137,"column":77},"end":{"line":161,"column":null}}},"9":{"name":"(anonymous_16)","decl":{"start":{"line":137,"column":77},"end":{"line":137,"column":null}},"loc":{"start":{"line":137,"column":77},"end":{"line":161,"column":1}}}},"branchMap":{"0":{"loc":{"start":{"line":16,"column":4},"end":{"line":22,"column":null}},"type":"if","locations":[{"start":{"line":16,"column":4},"end":{"line":22,"column":null}},{"start":{"line":18,"column":11},"end":{"line":22,"column":null}}]},"1":{"loc":{"start":{"line":33,"column":4},"end":{"line":49,"column":null}},"type":"if","locations":[{"start":{"line":33,"column":4},"end":{"line":49,"column":null}},{"start":{"line":45,"column":11},"end":{"line":49,"column":null}}]},"2":{"loc":{"start":{"line":36,"column":8},"end":{"line":44,"column":null}},"type":"if","locations":[{"start":{"line":36,"column":8},"end":{"line":44,"column":null}},{"start":{"line":40,"column":15},"end":{"line":44,"column":null}}]},"3":{"loc":{"start":{"line":63,"column":4},"end":{"line":97,"column":null}},"type":"if","locations":[{"start":{"line":63,"column":4},"end":{"line":97,"column":null}},{"start":{"line":93,"column":11},"end":{"line":97,"column":null}}]},"4":{"loc":{"start":{"line":63,"column":8},"end":{"line":63,"column":84}},"type":"binary-expr","locations":[{"start":{"line":63,"column":8},"end":{"line":63,"column":58}},{"start":{"line":63,"column":62},"end":{"line":63,"column":84}}]},"5":{"loc":{"start":{"line":68,"column":12},"end":{"line":84,"column":null}},"type":"if","locations":[{"start":{"line":68,"column":12},"end":{"line":84,"column":null}},{"start":{"line":80,"column":19},"end":{"line":84,"column":null}}]},"6":{"loc":{"start":{"line":115,"column":8},"end":{"line":124,"column":null}},"type":"if","locations":[{"start":{"line":115,"column":8},"end":{"line":124,"column":null}},{"start":{"line":119,"column":15},"end":{"line":124,"column":null}}]},"7":{"loc":{"start":{"line":144,"column":8},"end":{"line":153,"column":null}},"type":"if","locations":[{"start":{"line":144,"column":8},"end":{"line":153,"column":null}},{"start":{"line":148,"column":15},"end":{"line":153,"column":null}}]}},"s":{"0":1,"1":1,"2":1,"3":1,"4":0,"5":0,"6":0,"7":0,"8":0,"9":0,"10":1,"11":1,"12":4,"13":4,"14":4,"15":3,"16":3,"17":3,"18":0,"19":1,"20":1,"21":1,"22":3,"23":3,"24":3,"25":3,"26":3,"27":2,"28":2,"29":2,"30":2,"31":2,"32":2,"33":0,"34":0,"35":0,"36":1,"37":1,"38":1,"39":0,"40":0,"41":0,"42":0,"43":0,"44":0,"45":0,"46":0,"47":0,"48":0,"49":1,"50":1,"51":2,"52":2,"53":2,"54":2,"55":2,"56":0,"57":2,"58":2,"59":0,"60":1},"f":{"0":0,"1":0,"2":4,"3":4,"4":3,"5":3,"6":0,"7":0,"8":2,"9":2},"b":{"0":[0,0],"1":[3,1],"2":[3,0],"3":[2,1],"4":[3,2],"5":[2,0],"6":[0,0],"7":[0,2]}}
,"/home/mariano/Documents/Projects/LPS-System/backend/models/server.ts": {"path":"/home/mariano/Documents/Projects/LPS-System/backend/models/server.ts","statementMap":{"0":{"start":{"line":1,"column":0},"end":{"line":1,"column":47}},"1":{"start":{"line":2,"column":0},"end":{"line":2,"column":24}},"2":{"start":{"line":3,"column":0},"end":{"line":3,"column":47}},"3":{"start":{"line":4,"column":0},"end":{"line":4,"column":52}},"4":{"start":{"line":5,"column":0},"end":{"line":5,"column":45}},"5":{"start":{"line":6,"column":0},"end":{"line":6,"column":51}},"6":{"start":{"line":7,"column":0},"end":{"line":7,"column":68}},"7":{"start":{"line":8,"column":0},"end":{"line":8,"column":50}},"8":{"start":{"line":9,"column":0},"end":{"line":9,"column":58}},"9":{"start":{"line":10,"column":0},"end":{"line":10,"column":40}},"10":{"start":{"line":16,"column":12},"end":{"line":25,"column":null}},"11":{"start":{"line":28,"column":8},"end":{"line":28,"column":29}},"12":{"start":{"line":29,"column":8},"end":{"line":29,"column":47}},"13":{"start":{"line":30,"column":8},"end":{"line":30,"column":27}},"14":{"start":{"line":31,"column":8},"end":{"line":31,"column":22}},"15":{"start":{"line":35,"column":8},"end":{"line":35,"column":60}},"16":{"start":{"line":36,"column":8},"end":{"line":36,"column":65}},"17":{"start":{"line":37,"column":8},"end":{"line":37,"column":58}},"18":{"start":{"line":38,"column":8},"end":{"line":38,"column":64}},"19":{"start":{"line":39,"column":8},"end":{"line":39,"column":81}},"20":{"start":{"line":40,"column":8},"end":{"line":40,"column":63}},"21":{"start":{"line":41,"column":8},"end":{"line":41,"column":71}},"22":{"start":{"line":42,"column":8},"end":{"line":42,"column":54}},"23":{"start":{"line":46,"column":8},"end":{"line":46,"column":29}},"24":{"start":{"line":47,"column":8},"end":{"line":47,"column":37}},"25":{"start":{"line":51,"column":8},"end":{"line":53,"column":11}},"26":{"start":{"line":52,"column":12},"end":{"line":52,"column":null}},"27":{"start":{"line":57,"column":8},"end":{"line":57,"column":24}},"28":{"start":{"line":62,"column":0},"end":{"line":62,"column":22}}},"fnMap":{"0":{"name":"(anonymous_1)","decl":{"start":{"line":27,"column":4},"end":{"line":27,"column":null}},"loc":{"start":{"line":27,"column":4},"end":{"line":32,"column":5}}},"1":{"name":"(anonymous_2)","decl":{"start":{"line":34,"column":4},"end":{"line":34,"column":10}},"loc":{"start":{"line":34,"column":10},"end":{"line":43,"column":5}}},"2":{"name":"(anonymous_3)","decl":{"start":{"line":45,"column":4},"end":{"line":45,"column":15}},"loc":{"start":{"line":45,"column":15},"end":{"line":48,"column":5}}},"3":{"name":"(anonymous_4)","decl":{"start":{"line":50,"column":4},"end":{"line":50,"column":10}},"loc":{"start":{"line":50,"column":10},"end":{"line":54,"column":5}}},"4":{"name":"(anonymous_5)","decl":{"start":{"line":51,"column":35},"end":{"line":51,"column":38}},"loc":{"start":{"line":51,"column":40},"end":{"line":53,"column":9}}},"5":{"name":"(anonymous_6)","decl":{"start":{"line":56,"column":4},"end":{"line":56,"column":10}},"loc":{"start":{"line":56,"column":10},"end":{"line":58,"column":5}}}},"branchMap":{"0":{"loc":{"start":{"line":29,"column":20},"end":{"line":29,"column":46}},"type":"binary-expr","locations":[{"start":{"line":29,"column":20},"end":{"line":29,"column":36}},{"start":{"line":29,"column":40},"end":{"line":29,"column":46}}]}},"s":{"0":1,"1":1,"2":1,"3":1,"4":1,"5":1,"6":1,"7":1,"8":1,"9":1,"10":1,"11":1,"12":1,"13":1,"14":1,"15":1,"16":1,"17":1,"18":1,"19":1,"20":1,"21":1,"22":1,"23":1,"24":1,"25":1,"26":1,"27":1,"28":1},"f":{"0":1,"1":1,"2":1,"3":1,"4":1,"5":1},"b":{"0":[1,0]}}
,"/home/mariano/Documents/Projects/LPS-System/backend/models/dataBase/cliente.ts": {"path":"/home/mariano/Documents/Projects/LPS-System/backend/models/dataBase/cliente.ts","statementMap":{"0":{"start":{"line":1,"column":0},"end":{"line":1,"column":41}},"1":{"start":{"line":9,"column":22},"end":{"line":17,"column":null}},"2":{"start":{"line":20,"column":13},"end":{"line":20,"column":65}}},"fnMap":{},"branchMap":{},"s":{"0":1,"1":1,"2":1},"f":{},"b":{}}
,"/home/mariano/Documents/Projects/LPS-System/backend/models/dataBase/cobertura.ts": {"path":"/home/mariano/Documents/Projects/LPS-System/backend/models/dataBase/cobertura.ts","statementMap":{"0":{"start":{"line":1,"column":0},"end":{"line":1,"column":48}},"1":{"start":{"line":10,"column":24},"end":{"line":18,"column":null}},"2":{"start":{"line":21,"column":13},"end":{"line":21,"column":73}}},"fnMap":{},"branchMap":{},"s":{"0":1,"1":1,"2":1},"f":{},"b":{}}
,"/home/mariano/Documents/Projects/LPS-System/backend/models/dataBase/daño.ts": {"path":"/home/mariano/Documents/Projects/LPS-System/backend/models/dataBase/daño.ts","statementMap":{"0":{"start":{"line":1,"column":0},"end":{"line":1,"column":41}},"1":{"start":{"line":9,"column":19},"end":{"line":16,"column":null}},"2":{"start":{"line":19,"column":13},"end":{"line":19,"column":53}}},"fnMap":{},"branchMap":{},"s":{"0":1,"1":1,"2":1},"f":{},"b":{}}
,"/home/mariano/Documents/Projects/LPS-System/backend/models/dataBase/poliza.ts": {"path":"/home/mariano/Documents/Projects/LPS-System/backend/models/dataBase/poliza.ts","statementMap":{"0":{"start":{"line":1,"column":0},"end":{"line":1,"column":48}},"1":{"start":{"line":3,"column":0},"end":{"line":3,"column":null}},"2":{"start":{"line":4,"column":4},"end":{"line":4,"column":null}},"3":{"start":{"line":5,"column":4},"end":{"line":5,"column":null}},"4":{"start":{"line":6,"column":4},"end":{"line":6,"column":null}},"5":{"start":{"line":27,"column":19},"end":{"line":29,"column":1}},"6":{"start":{"line":28,"column":4},"end":{"line":28,"column":36}},"7":{"start":{"line":31,"column":21},"end":{"line":43,"column":null}},"8":{"start":{"line":46,"column":13},"end":{"line":46,"column":61}}},"fnMap":{"0":{"name":"(anonymous_0)","decl":{"start":{"line":3,"column":0},"end":{"line":3,"column":12}},"loc":{"start":{"line":3,"column":23},"end":{"line":7,"column":1}}},"1":{"name":"(anonymous_1)","decl":{"start":{"line":27,"column":19},"end":{"line":27,"column":20}},"loc":{"start":{"line":27,"column":45},"end":{"line":29,"column":1}}}},"branchMap":{"0":{"loc":{"start":{"line":3,"column":12},"end":{"line":3,"column":null}},"type":"binary-expr","locations":[{"start":{"line":3,"column":12},"end":{"line":3,"column":23}},{"start":{"line":3,"column":12},"end":{"line":3,"column":null}}]}},"s":{"0":1,"1":1,"2":1,"3":1,"4":1,"5":1,"6":0,"7":1,"8":1},"f":{"0":1,"1":0},"b":{"0":[1,1]}}
,"/home/mariano/Documents/Projects/LPS-System/backend/models/dataBase/productor.ts": {"path":"/home/mariano/Documents/Projects/LPS-System/backend/models/dataBase/productor.ts","statementMap":{"0":{"start":{"line":1,"column":0},"end":{"line":1,"column":48}},"1":{"start":{"line":9,"column":24},"end":{"line":19,"column":null}},"2":{"start":{"line":22,"column":13},"end":{"line":22,"column":73}}},"fnMap":{},"branchMap":{},"s":{"0":1,"1":1,"2":1},"f":{},"b":{}}
,"/home/mariano/Documents/Projects/LPS-System/backend/models/dataBase/sucursal.ts": {"path":"/home/mariano/Documents/Projects/LPS-System/backend/models/dataBase/sucursal.ts","statementMap":{"0":{"start":{"line":1,"column":0},"end":{"line":1,"column":41}},"1":{"start":{"line":13,"column":23},"end":{"line":20,"column":null}},"2":{"start":{"line":23,"column":13},"end":{"line":23,"column":69}}},"fnMap":{},"branchMap":{},"s":{"0":1,"1":1,"2":1},"f":{},"b":{}}
,"/home/mariano/Documents/Projects/LPS-System/backend/models/dataBase/tipoVehiculo.ts": {"path":"/home/mariano/Documents/Projects/LPS-System/backend/models/dataBase/tipoVehiculo.ts","statementMap":{"0":{"start":{"line":1,"column":0},"end":{"line":1,"column":41}},"1":{"start":{"line":10,"column":27},"end":{"line":18,"column":null}},"2":{"start":{"line":21,"column":13},"end":{"line":21,"column":85}}},"fnMap":{},"branchMap":{},"s":{"0":1,"1":1,"2":1},"f":{},"b":{}}
,"/home/mariano/Documents/Projects/LPS-System/backend/models/dataBase/vehiculoAsegurado.ts": {"path":"/home/mariano/Documents/Projects/LPS-System/backend/models/dataBase/vehiculoAsegurado.ts","statementMap":{"0":{"start":{"line":1,"column":0},"end":{"line":1,"column":48}},"1":{"start":{"line":10,"column":32},"end":{"line":18,"column":null}},"2":{"start":{"line":21,"column":13},"end":{"line":21,"column":105}}},"fnMap":{},"branchMap":{},"s":{"0":1,"1":1,"2":1},"f":{},"b":{}}
,"/home/mariano/Documents/Projects/LPS-System/backend/routes/clientes.ts": {"path":"/home/mariano/Documents/Projects/LPS-System/backend/routes/clientes.ts","statementMap":{"0":{"start":{"line":1,"column":0},"end":{"line":1,"column":33}},"1":{"start":{"line":2,"column":0},"end":{"line":2,"column":93}},"2":{"start":{"line":4,"column":15},"end":{"line":4,"column":23}},"3":{"start":{"line":6,"column":0},"end":{"line":6,"column":36}},"4":{"start":{"line":8,"column":0},"end":{"line":11,"column":27}},"5":{"start":{"line":13,"column":0},"end":{"line":13,"column":22}}},"fnMap":{},"branchMap":{},"s":{"0":1,"1":1,"2":1,"3":1,"4":1,"5":1},"f":{},"b":{}}
,"/home/mariano/Documents/Projects/LPS-System/backend/routes/coberturas.ts": {"path":"/home/mariano/Documents/Projects/LPS-System/backend/routes/coberturas.ts","statementMap":{"0":{"start":{"line":1,"column":0},"end":{"line":1,"column":33}},"1":{"start":{"line":2,"column":0},"end":{"line":2,"column":161}},"2":{"start":{"line":4,"column":15},"end":{"line":4,"column":23}},"3":{"start":{"line":6,"column":0},"end":{"line":6,"column":38}},"4":{"start":{"line":8,"column":0},"end":{"line":11,"column":29}},"5":{"start":{"line":13,"column":0},"end":{"line":14,"column":39}},"6":{"start":{"line":16,"column":0},"end":{"line":17,"column":37}},"7":{"start":{"line":19,"column":0},"end":{"line":19,"column":22}}},"fnMap":{},"branchMap":{},"s":{"0":1,"1":1,"2":1,"3":1,"4":1,"5":1,"6":1,"7":1},"f":{},"b":{}}
,"/home/mariano/Documents/Projects/LPS-System/backend/routes/daño.ts": {"path":"/home/mariano/Documents/Projects/LPS-System/backend/routes/daño.ts","statementMap":{"0":{"start":{"line":1,"column":0},"end":{"line":1,"column":33}},"1":{"start":{"line":2,"column":0},"end":{"line":2,"column":77}},"2":{"start":{"line":4,"column":15},"end":{"line":4,"column":23}},"3":{"start":{"line":6,"column":0},"end":{"line":6,"column":33}},"4":{"start":{"line":8,"column":0},"end":{"line":11,"column":24}},"5":{"start":{"line":13,"column":0},"end":{"line":13,"column":22}}},"fnMap":{},"branchMap":{},"s":{"0":1,"1":1,"2":1,"3":1,"4":1,"5":1},"f":{},"b":{}}
,"/home/mariano/Documents/Projects/LPS-System/backend/routes/polizas.ts": {"path":"/home/mariano/Documents/Projects/LPS-System/backend/routes/polizas.ts","statementMap":{"0":{"start":{"line":1,"column":0},"end":{"line":1,"column":33}},"1":{"start":{"line":2,"column":0},"end":{"line":2,"column":160}},"2":{"start":{"line":4,"column":15},"end":{"line":4,"column":23}},"3":{"start":{"line":6,"column":0},"end":{"line":7,"column":22}},"4":{"start":{"line":10,"column":0},"end":{"line":12,"column":26}},"5":{"start":{"line":14,"column":0},"end":{"line":15,"column":34}},"6":{"start":{"line":17,"column":0},"end":{"line":18,"column":32}},"7":{"start":{"line":20,"column":0},"end":{"line":21,"column":44}},"8":{"start":{"line":23,"column":0},"end":{"line":23,"column":22}}},"fnMap":{},"branchMap":{},"s":{"0":1,"1":1,"2":1,"3":1,"4":1,"5":1,"6":1,"7":1,"8":1},"f":{},"b":{}}
,"/home/mariano/Documents/Projects/LPS-System/backend/routes/productores.ts": {"path":"/home/mariano/Documents/Projects/LPS-System/backend/routes/productores.ts","statementMap":{"0":{"start":{"line":1,"column":0},"end":{"line":1,"column":33}},"1":{"start":{"line":2,"column":0},"end":{"line":2,"column":104}},"2":{"start":{"line":4,"column":15},"end":{"line":4,"column":23}},"3":{"start":{"line":6,"column":0},"end":{"line":6,"column":38}},"4":{"start":{"line":8,"column":0},"end":{"line":11,"column":29}},"5":{"start":{"line":13,"column":0},"end":{"line":13,"column":22}}},"fnMap":{},"branchMap":{},"s":{"0":1,"1":1,"2":1,"3":1,"4":1,"5":1},"f":{},"b":{}}
,"/home/mariano/Documents/Projects/LPS-System/backend/routes/sucursales.ts": {"path":"/home/mariano/Documents/Projects/LPS-System/backend/routes/sucursales.ts","statementMap":{"0":{"start":{"line":1,"column":0},"end":{"line":1,"column":33}},"1":{"start":{"line":2,"column":0},"end":{"line":2,"column":99}},"2":{"start":{"line":4,"column":15},"end":{"line":4,"column":23}},"3":{"start":{"line":6,"column":0},"end":{"line":6,"column":37}},"4":{"start":{"line":8,"column":0},"end":{"line":11,"column":28}},"5":{"start":{"line":13,"column":0},"end":{"line":13,"column":22}}},"fnMap":{},"branchMap":{},"s":{"0":1,"1":1,"2":1,"3":1,"4":1,"5":1},"f":{},"b":{}}
,"/home/mariano/Documents/Projects/LPS-System/backend/routes/tiposVehiculos.ts": {"path":"/home/mariano/Documents/Projects/LPS-System/backend/routes/tiposVehiculos.ts","statementMap":{"0":{"start":{"line":1,"column":0},"end":{"line":1,"column":33}},"1":{"start":{"line":2,"column":0},"end":{"line":2,"column":119}},"2":{"start":{"line":4,"column":15},"end":{"line":4,"column":23}},"3":{"start":{"line":6,"column":0},"end":{"line":6,"column":41}},"4":{"start":{"line":8,"column":0},"end":{"line":11,"column":32}},"5":{"start":{"line":13,"column":0},"end":{"line":13,"column":22}}},"fnMap":{},"branchMap":{},"s":{"0":1,"1":1,"2":1,"3":1,"4":1,"5":1},"f":{},"b":{}}
,"/home/mariano/Documents/Projects/LPS-System/backend/routes/vehiculosAsegurados.ts": {"path":"/home/mariano/Documents/Projects/LPS-System/backend/routes/vehiculosAsegurados.ts","statementMap":{"0":{"start":{"line":1,"column":0},"end":{"line":1,"column":33}},"1":{"start":{"line":2,"column":0},"end":{"line":2,"column":167}},"2":{"start":{"line":4,"column":15},"end":{"line":4,"column":23}},"3":{"start":{"line":6,"column":0},"end":{"line":6,"column":null}},"4":{"start":{"line":8,"column":0},"end":{"line":11,"column":37}},"5":{"start":{"line":13,"column":0},"end":{"line":14,"column":32}},"6":{"start":{"line":16,"column":0},"end":{"line":16,"column":22}}},"fnMap":{},"branchMap":{},"s":{"0":1,"1":1,"2":1,"3":1,"4":1,"5":1,"6":1},"f":{},"b":{}}
,"/home/mariano/Documents/Projects/LPS-System/backend/utils/verifications.ts": {"path":"/home/mariano/Documents/Projects/LPS-System/backend/utils/verifications.ts","statementMap":{"0":{"start":{"line":1,"column":0},"end":{"line":1,"column":46}},"1":{"start":{"line":4,"column":25},"end":{"line":4,"column":33}},"2":{"start":{"line":5,"column":25},"end":{"line":5,"column":35}},"3":{"start":{"line":7,"column":37},"end":{"line":22,"column":1}},"4":{"start":{"line":10,"column":19},"end":{"line":10,"column":23}},"5":{"start":{"line":12,"column":4},"end":{"line":19,"column":null}},"6":{"start":{"line":13,"column":21},"end":{"line":13,"column":41}},"7":{"start":{"line":14,"column":8},"end":{"line":16,"column":null}},"8":{"start":{"line":15,"column":12},"end":{"line":15,"column":29}},"9":{"start":{"line":18,"column":8},"end":{"line":18,"column":25}},"10":{"start":{"line":21,"column":4},"end":{"line":21,"column":20}},"11":{"start":{"line":7,"column":13},"end":{"line":7,"column":37}},"12":{"start":{"line":24,"column":25},"end":{"line":44,"column":1}},"13":{"start":{"line":27,"column":19},"end":{"line":27,"column":23}},"14":{"start":{"line":29,"column":4},"end":{"line":41,"column":null}},"15":{"start":{"line":31,"column":8},"end":{"line":37,"column":null}},"16":{"start":{"line":32,"column":12},"end":{"line":34,"column":null}},"17":{"start":{"line":33,"column":16},"end":{"line":33,"column":33}},"18":{"start":{"line":36,"column":12},"end":{"line":36,"column":29}},"19":{"start":{"line":40,"column":8},"end":{"line":40,"column":25}},"20":{"start":{"line":43,"column":4},"end":{"line":43,"column":20}},"21":{"start":{"line":24,"column":13},"end":{"line":24,"column":25}},"22":{"start":{"line":46,"column":29},"end":{"line":75,"column":1}},"23":{"start":{"line":50,"column":19},"end":{"line":50,"column":23}},"24":{"start":{"line":52,"column":4},"end":{"line":72,"column":null}},"25":{"start":{"line":54,"column":8},"end":{"line":68,"column":null}},"26":{"start":{"line":55,"column":27},"end":{"line":55,"column":46}},"27":{"start":{"line":56,"column":28},"end":{"line":56,"column":47}},"28":{"start":{"line":57,"column":12},"end":{"line":59,"column":null}},"29":{"start":{"line":58,"column":16},"end":{"line":58,"column":33}},"30":{"start":{"line":60,"column":15},"end":{"line":68,"column":null}},"31":{"start":{"line":61,"column":28},"end":{"line":61,"column":47}},"32":{"start":{"line":62,"column":28},"end":{"line":62,"column":47}},"33":{"start":{"line":63,"column":28},"end":{"line":63,"column":47}},"34":{"start":{"line":65,"column":12},"end":{"line":67,"column":null}},"35":{"start":{"line":66,"column":16},"end":{"line":66,"column":33}},"36":{"start":{"line":71,"column":8},"end":{"line":71,"column":25}},"37":{"start":{"line":74,"column":4},"end":{"line":74,"column":20}},"38":{"start":{"line":46,"column":13},"end":{"line":46,"column":29}},"39":{"start":{"line":77,"column":37},"end":{"line":111,"column":1}},"40":{"start":{"line":83,"column":19},"end":{"line":83,"column":23}},"41":{"start":{"line":86,"column":4},"end":{"line":108,"column":null}},"42":{"start":{"line":87,"column":8},"end":{"line":105,"column":null}},"43":{"start":{"line":88,"column":12},"end":{"line":102,"column":null}},"44":{"start":{"line":89,"column":16},"end":{"line":99,"column":null}},"45":{"start":{"line":90,"column":20},"end":{"line":96,"column":null}},"46":{"start":{"line":91,"column":39},"end":{"line":91,"column":50}},"47":{"start":{"line":92,"column":42},"end":{"line":92,"column":66}},"48":{"start":{"line":93,"column":24},"end":{"line":95,"column":null}},"49":{"start":{"line":94,"column":28},"end":{"line":94,"column":45}},"50":{"start":{"line":98,"column":20},"end":{"line":98,"column":37}},"51":{"start":{"line":101,"column":16},"end":{"line":101,"column":33}},"52":{"start":{"line":104,"column":12},"end":{"line":104,"column":29}},"53":{"start":{"line":107,"column":8},"end":{"line":107,"column":25}},"54":{"start":{"line":110,"column":4},"end":{"line":110,"column":20}},"55":{"start":{"line":77,"column":13},"end":{"line":77,"column":37}},"56":{"start":{"line":113,"column":33},"end":{"line":128,"column":1}},"57":{"start":{"line":116,"column":19},"end":{"line":116,"column":23}},"58":{"start":{"line":118,"column":4},"end":{"line":124,"column":null}},"59":{"start":{"line":119,"column":8},"end":{"line":121,"column":null}},"60":{"start":{"line":120,"column":12},"end":{"line":120,"column":29}},"61":{"start":{"line":123,"column":8},"end":{"line":123,"column":25}},"62":{"start":{"line":127,"column":4},"end":{"line":127,"column":20}},"63":{"start":{"line":113,"column":13},"end":{"line":113,"column":33}}},"fnMap":{"0":{"name":"(anonymous_1)","decl":{"start":{"line":7,"column":37},"end":{"line":7,"column":38}},"loc":{"start":{"line":7,"column":71},"end":{"line":22,"column":1}}},"1":{"name":"(anonymous_2)","decl":{"start":{"line":24,"column":25},"end":{"line":24,"column":26}},"loc":{"start":{"line":24,"column":50},"end":{"line":44,"column":1}}},"2":{"name":"(anonymous_3)","decl":{"start":{"line":46,"column":29},"end":{"line":46,"column":30}},"loc":{"start":{"line":46,"column":58},"end":{"line":75,"column":1}}},"3":{"name":"(anonymous_4)","decl":{"start":{"line":77,"column":37},"end":{"line":77,"column":38}},"loc":{"start":{"line":77,"column":110},"end":{"line":111,"column":1}}},"4":{"name":"(anonymous_5)","decl":{"start":{"line":113,"column":33},"end":{"line":113,"column":34}},"loc":{"start":{"line":113,"column":57},"end":{"line":128,"column":1}}}},"branchMap":{"0":{"loc":{"start":{"line":12,"column":4},"end":{"line":19,"column":null}},"type":"if","locations":[{"start":{"line":12,"column":4},"end":{"line":19,"column":null}},{"start":{"line":17,"column":11},"end":{"line":19,"column":null}}]},"1":{"loc":{"start":{"line":14,"column":8},"end":{"line":16,"column":null}},"type":"if","locations":[{"start":{"line":14,"column":8},"end":{"line":16,"column":null}}]},"2":{"loc":{"start":{"line":14,"column":12},"end":{"line":14,"column":39}},"type":"binary-expr","locations":[{"start":{"line":14,"column":12},"end":{"line":14,"column":23}},{"start":{"line":14,"column":27},"end":{"line":14,"column":39}}]},"3":{"loc":{"start":{"line":29,"column":4},"end":{"line":41,"column":null}},"type":"if","locations":[{"start":{"line":29,"column":4},"end":{"line":41,"column":null}},{"start":{"line":39,"column":11},"end":{"line":41,"column":null}}]},"4":{"loc":{"start":{"line":31,"column":8},"end":{"line":37,"column":null}},"type":"if","locations":[{"start":{"line":31,"column":8},"end":{"line":37,"column":null}},{"start":{"line":35,"column":15},"end":{"line":37,"column":null}}]},"5":{"loc":{"start":{"line":32,"column":12},"end":{"line":34,"column":null}},"type":"if","locations":[{"start":{"line":32,"column":12},"end":{"line":34,"column":null}}]},"6":{"loc":{"start":{"line":32,"column":16},"end":{"line":32,"column":48}},"type":"binary-expr","locations":[{"start":{"line":32,"column":16},"end":{"line":32,"column":30}},{"start":{"line":32,"column":34},"end":{"line":32,"column":48}}]},"7":{"loc":{"start":{"line":52,"column":4},"end":{"line":72,"column":null}},"type":"if","locations":[{"start":{"line":52,"column":4},"end":{"line":72,"column":null}},{"start":{"line":70,"column":11},"end":{"line":72,"column":null}}]},"8":{"loc":{"start":{"line":52,"column":8},"end":{"line":52,"column":50}},"type":"binary-expr","locations":[{"start":{"line":52,"column":8},"end":{"line":52,"column":27}},{"start":{"line":52,"column":31},"end":{"line":52,"column":50}}]},"9":{"loc":{"start":{"line":54,"column":8},"end":{"line":68,"column":null}},"type":"if","locations":[{"start":{"line":54,"column":8},"end":{"line":68,"column":null}},{"start":{"line":60,"column":15},"end":{"line":68,"column":null}}]},"10":{"loc":{"start":{"line":57,"column":12},"end":{"line":59,"column":null}},"type":"if","locations":[{"start":{"line":57,"column":12},"end":{"line":59,"column":null}}]},"11":{"loc":{"start":{"line":57,"column":16},"end":{"line":57,"column":81}},"type":"binary-expr","locations":[{"start":{"line":57,"column":16},"end":{"line":57,"column":46}},{"start":{"line":57,"column":50},"end":{"line":57,"column":81}}]},"12":{"loc":{"start":{"line":60,"column":15},"end":{"line":68,"column":null}},"type":"if","locations":[{"start":{"line":60,"column":15},"end":{"line":68,"column":null}}]},"13":{"loc":{"start":{"line":65,"column":12},"end":{"line":67,"column":null}},"type":"if","locations":[{"start":{"line":65,"column":12},"end":{"line":67,"column":null}}]},"14":{"loc":{"start":{"line":65,"column":16},"end":{"line":65,"column":117}},"type":"binary-expr","locations":[{"start":{"line":65,"column":16},"end":{"line":65,"column":47}},{"start":{"line":65,"column":51},"end":{"line":65,"column":82}},{"start":{"line":65,"column":86},"end":{"line":65,"column":117}}]},"15":{"loc":{"start":{"line":86,"column":4},"end":{"line":108,"column":null}},"type":"if","locations":[{"start":{"line":86,"column":4},"end":{"line":108,"column":null}},{"start":{"line":106,"column":11},"end":{"line":108,"column":null}}]},"16":{"loc":{"start":{"line":87,"column":8},"end":{"line":105,"column":null}},"type":"if","locations":[{"start":{"line":87,"column":8},"end":{"line":105,"column":null}},{"start":{"line":103,"column":15},"end":{"line":105,"column":null}}]},"17":{"loc":{"start":{"line":87,"column":12},"end":{"line":87,"column":51}},"type":"binary-expr","locations":[{"start":{"line":87,"column":12},"end":{"line":87,"column":29}},{"start":{"line":87,"column":33},"end":{"line":87,"column":51}}]},"18":{"loc":{"start":{"line":88,"column":12},"end":{"line":102,"column":null}},"type":"if","locations":[{"start":{"line":88,"column":12},"end":{"line":102,"column":null}},{"start":{"line":100,"column":19},"end":{"line":102,"column":null}}]},"19":{"loc":{"start":{"line":88,"column":16},"end":{"line":88,"column":57}},"type":"binary-expr","locations":[{"start":{"line":88,"column":16},"end":{"line":88,"column":34}},{"start":{"line":88,"column":38},"end":{"line":88,"column":57}}]},"20":{"loc":{"start":{"line":89,"column":16},"end":{"line":99,"column":null}},"type":"if","locations":[{"start":{"line":89,"column":16},"end":{"line":99,"column":null}},{"start":{"line":97,"column":23},"end":{"line":99,"column":null}}]},"21":{"loc":{"start":{"line":89,"column":20},"end":{"line":89,"column":63}},"type":"binary-expr","locations":[{"start":{"line":89,"column":20},"end":{"line":89,"column":39}},{"start":{"line":89,"column":43},"end":{"line":89,"column":63}}]},"22":{"loc":{"start":{"line":90,"column":20},"end":{"line":96,"column":null}},"type":"if","locations":[{"start":{"line":90,"column":20},"end":{"line":96,"column":null}}]},"23":{"loc":{"start":{"line":93,"column":24},"end":{"line":95,"column":null}},"type":"if","locations":[{"start":{"line":93,"column":24},"end":{"line":95,"column":null}}]},"24":{"loc":{"start":{"line":93,"column":28},"end":{"line":93,"column":63}},"type":"binary-expr","locations":[{"start":{"line":93,"column":28},"end":{"line":93,"column":41}},{"start":{"line":93,"column":45},"end":{"line":93,"column":63}}]},"25":{"loc":{"start":{"line":118,"column":4},"end":{"line":124,"column":null}},"type":"if","locations":[{"start":{"line":118,"column":4},"end":{"line":124,"column":null}},{"start":{"line":122,"column":11},"end":{"line":124,"column":null}}]},"26":{"loc":{"start":{"line":119,"column":8},"end":{"line":121,"column":null}},"type":"if","locations":[{"start":{"line":119,"column":8},"end":{"line":121,"column":null}}]}},"s":{"0":1,"1":1,"2":1,"3":1,"4":14,"5":14,"6":13,"7":13,"8":0,"9":1,"10":14,"11":1,"12":1,"13":26,"14":26,"15":26,"16":26,"17":2,"18":0,"19":0,"20":26,"21":1,"22":1,"23":14,"24":14,"25":14,"26":14,"27":14,"28":14,"29":1,"30":0,"31":0,"32":0,"33":0,"34":0,"35":0,"36":0,"37":14,"38":1,"39":1,"40":7,"41":7,"42":7,"43":7,"44":7,"45":7,"46":7,"47":7,"48":7,"49":1,"50":0,"51":0,"52":0,"53":0,"54":7,"55":1,"56":1,"57":25,"58":25,"59":21,"60":0,"61":4,"62":25,"63":1},"f":{"0":14,"1":26,"2":14,"3":7,"4":25},"b":{"0":[13,1],"1":[0],"2":[13,13],"3":[26,0],"4":[26,0],"5":[2],"6":[26,26],"7":[14,0],"8":[14,14],"9":[14,0],"10":[1],"11":[14,13],"12":[0],"13":[0],"14":[0,0,0],"15":[7,0],"16":[7,0],"17":[7,7],"18":[7,0],"19":[7,7],"20":[7,0],"21":[7,7],"22":[7],"23":[1],"24":[7,7],"25":[21,4],"26":[0]}}
}
