TN:
SF:app.ts
FNF:0
FNH:0
DA:1,1
DA:2,1
DA:3,1
DA:6,1
DA:9,1
DA:15,1
DA:16,1
DA:18,1
DA:20,1
LF:9
LH:9
BRF:0
BRH:0
end_of_record
TN:
SF:config/db.ts
FN:11,(anonymous_7)
FN:11,(anonymous_8)
FNF:2
FNH:2
FNDA:1,(anonymous_7)
FNDA:1,(anonymous_8)
DA:1,1
DA:2,1
DA:3,1
DA:4,1
DA:5,1
DA:6,1
DA:7,1
DA:8,1
DA:9,1
DA:11,1
DA:12,1
DA:13,1
DA:14,1
DA:16,0
DA:17,0
DA:21,1
LF:16
LH:14
BRDA:13,0,0,1
BRDA:13,0,1,0
BRF:2
BRH:1
end_of_record
TN:
SF:controllers/clientes.ts
FN:8,(anonymous_7)
FN:8,(anonymous_8)
FN:33,(anonymous_9)
FN:33,(anonymous_10)
FN:55,(anonymous_11)
FN:55,(anonymous_12)
FN:87,(anonymous_13)
FN:87,(anonymous_14)
FNF:8
FNH:2
FNDA:16,(anonymous_7)
FNDA:16,(anonymous_8)
FNDA:0,(anonymous_9)
FNDA:0,(anonymous_10)
FNDA:0,(anonymous_11)
FNDA:0,(anonymous_12)
FNDA:0,(anonymous_13)
FNDA:0,(anonymous_14)
DA:2,1
DA:3,1
DA:8,16
DA:10,16
DA:12,16
DA:13,14
DA:15,14
DA:16,14
DA:18,0
DA:23,2
DA:33,1
DA:35,0
DA:37,0
DA:39,0
DA:40,0
DA:42,0
DA:45,0
DA:55,1
DA:57,0
DA:58,0
DA:60,0
DA:62,0
DA:64,0
DA:65,0
DA:69,0
DA:70,0
DA:77,0
DA:87,1
DA:89,0
DA:91,0
DA:93,0
DA:95,0
DA:96,0
DA:100,0
DA:101,0
DA:107,0
LF:36
LH:12
BRDA:12,0,0,14
BRDA:12,0,1,2
BRDA:15,1,0,14
BRDA:15,1,1,0
BRDA:64,2,0,0
BRDA:64,2,1,0
BRDA:95,3,0,0
BRDA:95,3,1,0
BRF:8
BRH:3
end_of_record
TN:
SF:controllers/coberturas.ts
FN:10,(anonymous_7)
FN:10,(anonymous_8)
FN:31,(anonymous_9)
FN:31,(anonymous_10)
FN:66,(anonymous_11)
FN:66,(anonymous_12)
FN:103,(anonymous_13)
FN:103,(anonymous_14)
FN:158,(anonymous_15)
FN:158,(anonymous_16)
FN:190,(anonymous_17)
FN:190,(anonymous_18)
FNF:12
FNH:4
FNDA:0,(anonymous_7)
FNDA:0,(anonymous_8)
FNDA:4,(anonymous_9)
FNDA:4,(anonymous_10)
FNDA:3,(anonymous_11)
FNDA:3,(anonymous_12)
FNDA:0,(anonymous_13)
FNDA:0,(anonymous_14)
FNDA:0,(anonymous_15)
FNDA:0,(anonymous_16)
FNDA:0,(anonymous_17)
FNDA:0,(anonymous_18)
DA:2,1
DA:3,1
DA:4,1
DA:5,1
DA:10,1
DA:12,0
DA:14,0
DA:18,0
DA:19,0
DA:21,0
DA:31,4
DA:33,4
DA:35,4
DA:36,4
DA:38,4
DA:40,3
DA:42,3
DA:43,3
DA:45,0
DA:51,1
DA:56,0
DA:66,3
DA:68,3
DA:70,3
DA:71,2
DA:73,2
DA:75,2
DA:77,2
DA:78,2
DA:80,0
DA:86,0
DA:91,1
DA:103,1
DA:105,0
DA:107,0
DA:109,0
DA:110,0
DA:112,0
DA:113,0
DA:115,0
DA:116,0
DA:117,0
DA:118,0
DA:120,0
DA:126,0
DA:127,0
DA:128,0
DA:129,0
DA:131,0
DA:137,0
DA:144,0
DA:145,0
DA:149,0
DA:158,1
DA:160,0
DA:161,0
DA:163,0
DA:165,0
DA:167,0
DA:168,0
DA:172,0
DA:173,0
DA:180,0
DA:190,1
DA:192,0
DA:194,0
DA:196,0
DA:198,0
DA:199,0
DA:203,0
DA:204,0
DA:210,0
LF:72
LH:26
BRDA:18,0,0,0
BRDA:18,0,1,0
BRDA:35,1,0,4
BRDA:35,1,1,0
BRDA:38,2,0,3
BRDA:38,2,1,1
BRDA:42,3,0,3
BRDA:42,3,1,0
BRDA:70,4,0,2
BRDA:70,4,1,1
BRDA:73,5,0,2
BRDA:73,5,1,0
BRDA:77,6,0,2
BRDA:77,6,1,0
BRDA:110,7,0,0
BRDA:110,8,0,0
BRDA:110,8,1,0
BRDA:117,9,0,0
BRDA:117,9,1,0
BRDA:128,10,0,0
BRDA:128,10,1,0
BRDA:167,11,0,0
BRDA:167,11,1,0
BRDA:198,12,0,0
BRDA:198,12,1,0
BRF:25
BRH:8
end_of_record
TN:
SF:controllers/daño.ts
FN:7,(anonymous_7)
FN:7,(anonymous_8)
FN:26,(anonymous_9)
FN:26,(anonymous_10)
FN:48,(anonymous_11)
FN:48,(anonymous_12)
FN:80,(anonymous_13)
FN:80,(anonymous_14)
FNF:8
FNH:0
FNDA:0,(anonymous_7)
FNDA:0,(anonymous_8)
FNDA:0,(anonymous_9)
FNDA:0,(anonymous_10)
FNDA:0,(anonymous_11)
FNDA:0,(anonymous_12)
FNDA:0,(anonymous_13)
FNDA:0,(anonymous_14)
DA:2,1
DA:7,1
DA:9,0
DA:11,0
DA:13,0
DA:14,0
DA:16,0
DA:26,1
DA:28,0
DA:30,0
DA:32,0
DA:33,0
DA:35,0
DA:38,0
DA:48,1
DA:50,0
DA:51,0
DA:53,0
DA:55,0
DA:57,0
DA:58,0
DA:62,0
DA:63,0
DA:70,0
DA:80,1
DA:82,0
DA:84,0
DA:86,0
DA:88,0
DA:89,0
DA:93,0
DA:94,0
DA:100,0
LF:33
LH:5
BRDA:13,0,0,0
BRDA:13,0,1,0
BRDA:57,1,0,0
BRDA:57,1,1,0
BRDA:88,2,0,0
BRDA:88,2,1,0
BRF:6
BRH:0
end_of_record
TN:
SF:controllers/polizas.ts
FN:11,(anonymous_7)
FN:11,(anonymous_8)
FN:34,(anonymous_9)
FN:34,(anonymous_10)
FN:87,(anonymous_11)
FN:87,(anonymous_12)
FN:143,(anonymous_13)
FN:143,(anonymous_14)
FN:183,(anonymous_15)
FN:183,(anonymous_16)
FN:249,(anonymous_17)
FN:249,(anonymous_18)
FNF:12
FNH:10
FNDA:0,(anonymous_7)
FNDA:0,(anonymous_8)
FNDA:12,(anonymous_9)
FNDA:12,(anonymous_10)
FNDA:10,(anonymous_11)
FNDA:10,(anonymous_12)
FNDA:2,(anonymous_13)
FNDA:2,(anonymous_14)
FNDA:4,(anonymous_15)
FNDA:4,(anonymous_16)
FNDA:2,(anonymous_17)
FNDA:2,(anonymous_18)
DA:2,1
DA:3,1
DA:4,1
DA:5,1
DA:6,1
DA:11,1
DA:13,0
DA:15,0
DA:21,0
DA:22,0
DA:24,0
DA:34,12
DA:36,12
DA:38,12
DA:40,11
DA:42,11
DA:44,6
DA:46,6
DA:47,6
DA:48,6
DA:49,6
DA:51,6
DA:52,6
DA:53,1
DA:55,6
DA:58,6
DA:59,1
DA:64,5
DA:69,0
DA:73,5
DA:76,1
DA:87,10
DA:89,10
DA:91,10
DA:93,10
DA:95,10
DA:97,10
DA:99,10
DA:100,10
DA:101,10
DA:103,10
DA:105,4
DA:107,4
DA:108,6
DA:109,6
DA:110,6
DA:112,6
DA:114,4
DA:117,10
DA:118,2
DA:123,8
DA:127,0
DA:132,0
DA:143,2
DA:145,2
DA:147,2
DA:148,2
DA:162,2
DA:164,1
DA:167,1
DA:172,0
DA:183,4
DA:185,4
DA:187,4
DA:189,2
DA:190,2
DA:191,2
DA:192,2
DA:194,2
DA:196,2
DA:198,2
DA:200,2
DA:201,6
DA:207,6
DA:210,2
DA:221,2
DA:222,2
DA:228,0
DA:234,0
DA:239,2
DA:249,2
DA:251,2
DA:253,2
DA:255,2
DA:257,2
DA:258,0
DA:262,2
DA:263,2
DA:269,0
LF:89
LH:76
BRDA:21,0,0,0
BRDA:21,0,1,0
BRDA:38,1,0,11
BRDA:38,1,1,1
BRDA:42,2,0,6
BRDA:42,2,1,5
BRDA:46,3,0,6
BRDA:46,3,1,0
BRDA:51,4,0,12
BRDA:51,4,1,6
BRDA:52,5,0,1
BRDA:58,6,0,1
BRDA:58,6,1,5
BRDA:91,7,0,10
BRDA:91,7,1,0
BRDA:95,8,0,10
BRDA:95,8,1,0
BRDA:109,9,0,6
BRDA:117,10,0,2
BRDA:117,10,1,8
BRDA:147,11,0,2
BRDA:147,11,1,0
BRDA:162,12,0,1
BRDA:162,12,1,1
BRDA:187,13,0,2
BRDA:187,13,1,2
BRDA:187,14,0,4
BRDA:187,14,1,4
BRDA:187,14,2,4
BRDA:187,14,3,4
BRDA:196,15,0,2
BRDA:196,15,1,0
BRDA:257,16,0,0
BRDA:257,16,1,2
BRF:34
BRH:26
end_of_record
TN:
SF:controllers/productores.ts
FN:9,(anonymous_7)
FN:9,(anonymous_8)
FN:35,(anonymous_9)
FN:35,(anonymous_10)
FN:71,(anonymous_11)
FN:71,(anonymous_12)
FN:103,(anonymous_13)
FN:103,(anonymous_14)
FNF:8
FNH:2
FNDA:14,(anonymous_7)
FNDA:14,(anonymous_8)
FNDA:0,(anonymous_9)
FNDA:0,(anonymous_10)
FNDA:0,(anonymous_11)
FNDA:0,(anonymous_12)
FNDA:0,(anonymous_13)
FNDA:0,(anonymous_14)
DA:2,1
DA:3,1
DA:4,1
DA:9,14
DA:11,14
DA:13,14
DA:14,13
DA:16,13
DA:17,13
DA:19,0
DA:24,1
DA:35,1
DA:37,0
DA:39,0
DA:41,0
DA:43,0
DA:44,0
DA:52,0
DA:53,0
DA:55,0
DA:61,0
DA:71,1
DA:73,0
DA:74,0
DA:76,0
DA:78,0
DA:80,0
DA:81,0
DA:85,0
DA:86,0
DA:93,0
DA:103,1
DA:105,0
DA:107,0
DA:109,0
DA:111,0
DA:112,0
DA:116,0
DA:117,0
DA:123,0
LF:40
LH:13
BRDA:13,0,0,13
BRDA:13,0,1,1
BRDA:16,1,0,13
BRDA:16,1,1,0
BRDA:43,2,0,0
BRDA:43,2,1,0
BRDA:80,3,0,0
BRDA:80,3,1,0
BRDA:111,4,0,0
BRDA:111,4,1,0
BRF:10
BRH:3
end_of_record
TN:
SF:controllers/sucursales.ts
FN:7,(anonymous_7)
FN:7,(anonymous_8)
FN:26,(anonymous_9)
FN:26,(anonymous_10)
FN:48,(anonymous_11)
FN:48,(anonymous_12)
FN:79,(anonymous_13)
FN:79,(anonymous_14)
FNF:8
FNH:0
FNDA:0,(anonymous_7)
FNDA:0,(anonymous_8)
FNDA:0,(anonymous_9)
FNDA:0,(anonymous_10)
FNDA:0,(anonymous_11)
FNDA:0,(anonymous_12)
FNDA:0,(anonymous_13)
FNDA:0,(anonymous_14)
DA:2,1
DA:7,1
DA:9,0
DA:11,0
DA:13,0
DA:14,0
DA:16,0
DA:26,1
DA:28,0
DA:30,0
DA:32,0
DA:33,0
DA:35,0
DA:38,0
DA:48,1
DA:50,0
DA:51,0
DA:53,0
DA:55,0
DA:57,0
DA:58,0
DA:62,0
DA:63,0
DA:69,0
DA:79,1
DA:81,0
DA:83,0
DA:85,0
DA:87,0
DA:88,0
DA:92,0
DA:93,0
DA:99,0
LF:33
LH:5
BRDA:13,0,0,0
BRDA:13,0,1,0
BRDA:57,1,0,0
BRDA:57,1,1,0
BRDA:87,2,0,0
BRDA:87,2,1,0
BRF:6
BRH:0
end_of_record
TN:
SF:controllers/tiposVehiculos.ts
FN:7,(anonymous_7)
FN:7,(anonymous_8)
FN:25,(anonymous_9)
FN:25,(anonymous_10)
FN:47,(anonymous_11)
FN:47,(anonymous_12)
FN:79,(anonymous_13)
FN:79,(anonymous_14)
FNF:8
FNH:0
FNDA:0,(anonymous_7)
FNDA:0,(anonymous_8)
FNDA:0,(anonymous_9)
FNDA:0,(anonymous_10)
FNDA:0,(anonymous_11)
FNDA:0,(anonymous_12)
FNDA:0,(anonymous_13)
FNDA:0,(anonymous_14)
DA:2,1
DA:7,1
DA:9,0
DA:11,0
DA:13,0
DA:14,0
DA:16,0
DA:25,1
DA:27,0
DA:29,0
DA:31,0
DA:32,0
DA:34,0
DA:37,0
DA:47,1
DA:49,0
DA:50,0
DA:52,0
DA:54,0
DA:56,0
DA:57,0
DA:61,0
DA:62,0
DA:69,0
DA:79,1
DA:81,0
DA:82,0
DA:84,0
DA:86,0
DA:87,0
DA:91,0
DA:92,0
DA:98,0
LF:33
LH:5
BRDA:13,0,0,0
BRDA:13,0,1,0
BRDA:56,1,0,0
BRDA:56,1,1,0
BRDA:86,2,0,0
BRDA:86,2,1,0
BRF:6
BRH:0
end_of_record
TN:
SF:controllers/vehiculosAsegurados.ts
FN:9,(anonymous_7)
FN:9,(anonymous_8)
FN:29,(anonymous_9)
FN:29,(anonymous_10)
FN:57,(anonymous_11)
FN:57,(anonymous_12)
FN:106,(anonymous_13)
FN:106,(anonymous_14)
FN:137,(anonymous_15)
FN:137,(anonymous_16)
FNF:10
FNH:6
FNDA:0,(anonymous_7)
FNDA:0,(anonymous_8)
FNDA:4,(anonymous_9)
FNDA:4,(anonymous_10)
FNDA:3,(anonymous_11)
FNDA:3,(anonymous_12)
FNDA:0,(anonymous_13)
FNDA:0,(anonymous_14)
FNDA:2,(anonymous_15)
FNDA:2,(anonymous_16)
DA:2,1
DA:3,1
DA:4,1
DA:9,1
DA:11,0
DA:13,0
DA:16,0
DA:17,0
DA:19,0
DA:29,4
DA:31,4
DA:33,4
DA:34,3
DA:36,3
DA:38,3
DA:41,0
DA:46,1
DA:57,3
DA:59,3
DA:60,3
DA:61,3
DA:63,3
DA:65,2
DA:66,2
DA:68,2
DA:70,2
DA:77,2
DA:78,2
DA:81,0
DA:88,0
DA:89,0
DA:94,1
DA:106,1
DA:108,0
DA:109,0
DA:111,0
DA:113,0
DA:115,0
DA:116,0
DA:120,0
DA:121,0
DA:127,0
DA:137,2
DA:139,2
DA:140,2
DA:142,2
DA:144,2
DA:145,0
DA:149,2
DA:150,2
DA:156,0
LF:51
LH:31
BRDA:16,0,0,0
BRDA:16,0,1,0
BRDA:33,1,0,3
BRDA:33,1,1,1
BRDA:36,2,0,3
BRDA:36,2,1,0
BRDA:63,3,0,2
BRDA:63,3,1,1
BRDA:63,4,0,3
BRDA:63,4,1,2
BRDA:68,5,0,2
BRDA:68,5,1,0
BRDA:115,6,0,0
BRDA:115,6,1,0
BRDA:144,7,0,0
BRDA:144,7,1,2
BRF:16
BRH:9
end_of_record
TN:
SF:models/server.ts
FN:27,(anonymous_1)
FN:34,(anonymous_2)
FN:45,(anonymous_3)
FN:50,(anonymous_4)
FN:51,(anonymous_5)
FN:56,(anonymous_6)
FNF:6
FNH:6
FNDA:1,(anonymous_1)
FNDA:1,(anonymous_2)
FNDA:1,(anonymous_3)
FNDA:1,(anonymous_4)
FNDA:1,(anonymous_5)
FNDA:1,(anonymous_6)
DA:1,1
DA:2,1
DA:3,1
DA:4,1
DA:5,1
DA:6,1
DA:7,1
DA:8,1
DA:9,1
DA:10,1
DA:16,1
DA:28,1
DA:29,1
DA:30,1
DA:31,1
DA:35,1
DA:36,1
DA:37,1
DA:38,1
DA:39,1
DA:40,1
DA:41,1
DA:42,1
DA:46,1
DA:47,1
DA:51,1
DA:52,1
DA:57,1
DA:62,1
LF:29
LH:29
BRDA:29,0,0,1
BRDA:29,0,1,0
BRF:2
BRH:1
end_of_record
TN:
SF:models/dataBase/cliente.ts
FNF:0
FNH:0
DA:1,1
DA:9,1
DA:20,1
LF:3
LH:3
BRF:0
BRH:0
end_of_record
TN:
SF:models/dataBase/cobertura.ts
FNF:0
FNH:0
DA:1,1
DA:10,1
DA:21,1
LF:3
LH:3
BRF:0
BRH:0
end_of_record
TN:
SF:models/dataBase/daño.ts
FNF:0
FNH:0
DA:1,1
DA:9,1
DA:19,1
LF:3
LH:3
BRF:0
BRH:0
end_of_record
TN:
SF:models/dataBase/poliza.ts
FN:3,(anonymous_0)
FN:27,(anonymous_1)
FNF:2
FNH:1
FNDA:1,(anonymous_0)
FNDA:0,(anonymous_1)
DA:1,1
DA:3,1
DA:4,1
DA:5,1
DA:6,1
DA:27,1
DA:28,0
DA:31,1
DA:46,1
LF:9
LH:8
BRDA:3,0,0,1
BRDA:3,0,1,1
BRF:2
BRH:2
end_of_record
TN:
SF:models/dataBase/productor.ts
FNF:0
FNH:0
DA:1,1
DA:9,1
DA:22,1
LF:3
LH:3
BRF:0
BRH:0
end_of_record
TN:
SF:models/dataBase/sucursal.ts
FNF:0
FNH:0
DA:1,1
DA:13,1
DA:23,1
LF:3
LH:3
BRF:0
BRH:0
end_of_record
TN:
SF:models/dataBase/tipoVehiculo.ts
FNF:0
FNH:0
DA:1,1
DA:10,1
DA:21,1
LF:3
LH:3
BRF:0
BRH:0
end_of_record
TN:
SF:models/dataBase/vehiculoAsegurado.ts
FNF:0
FNH:0
DA:1,1
DA:10,1
DA:21,1
LF:3
LH:3
BRF:0
BRH:0
end_of_record
TN:
SF:routes/clientes.ts
FNF:0
FNH:0
DA:1,1
DA:2,1
DA:4,1
DA:6,1
DA:8,1
DA:13,1
LF:6
LH:6
BRF:0
BRH:0
end_of_record
TN:
SF:routes/coberturas.ts
FNF:0
FNH:0
DA:1,1
DA:2,1
DA:4,1
DA:6,1
DA:8,1
DA:13,1
DA:16,1
DA:19,1
LF:8
LH:8
BRF:0
BRH:0
end_of_record
TN:
SF:routes/daño.ts
FNF:0
FNH:0
DA:1,1
DA:2,1
DA:4,1
DA:6,1
DA:8,1
DA:13,1
LF:6
LH:6
BRF:0
BRH:0
end_of_record
TN:
SF:routes/polizas.ts
FNF:0
FNH:0
DA:1,1
DA:2,1
DA:4,1
DA:6,1
DA:10,1
DA:14,1
DA:17,1
DA:20,1
DA:23,1
LF:9
LH:9
BRF:0
BRH:0
end_of_record
TN:
SF:routes/productores.ts
FNF:0
FNH:0
DA:1,1
DA:2,1
DA:4,1
DA:6,1
DA:8,1
DA:13,1
LF:6
LH:6
BRF:0
BRH:0
end_of_record
TN:
SF:routes/sucursales.ts
FNF:0
FNH:0
DA:1,1
DA:2,1
DA:4,1
DA:6,1
DA:8,1
DA:13,1
LF:6
LH:6
BRF:0
BRH:0
end_of_record
TN:
SF:routes/tiposVehiculos.ts
FNF:0
FNH:0
DA:1,1
DA:2,1
DA:4,1
DA:6,1
DA:8,1
DA:13,1
LF:6
LH:6
BRF:0
BRH:0
end_of_record
TN:
SF:routes/vehiculosAsegurados.ts
FNF:0
FNH:0
DA:1,1
DA:2,1
DA:4,1
DA:6,1
DA:8,1
DA:13,1
DA:16,1
LF:7
LH:7
BRF:0
BRH:0
end_of_record
TN:
SF:utils/verifications.ts
FN:7,(anonymous_1)
FN:24,(anonymous_2)
FN:46,(anonymous_3)
FN:77,(anonymous_4)
FN:113,(anonymous_5)
FNF:5
FNH:5
FNDA:14,(anonymous_1)
FNDA:26,(anonymous_2)
FNDA:14,(anonymous_3)
FNDA:7,(anonymous_4)
FNDA:25,(anonymous_5)
DA:1,1
DA:4,1
DA:5,1
DA:7,1
DA:10,14
DA:12,14
DA:13,13
DA:14,13
DA:15,0
DA:18,1
DA:21,14
DA:24,1
DA:27,26
DA:29,26
DA:31,26
DA:32,26
DA:33,2
DA:36,0
DA:40,0
DA:43,26
DA:46,1
DA:50,14
DA:52,14
DA:54,14
DA:55,14
DA:56,14
DA:57,14
DA:58,1
DA:60,0
DA:61,0
DA:62,0
DA:63,0
DA:65,0
DA:66,0
DA:71,0
DA:74,14
DA:77,1
DA:83,7
DA:86,7
DA:87,7
DA:88,7
DA:89,7
DA:90,7
DA:91,7
DA:92,7
DA:93,7
DA:94,1
DA:98,0
DA:101,0
DA:104,0
DA:107,0
DA:110,7
DA:113,1
DA:116,25
DA:118,25
DA:119,21
DA:120,0
DA:123,4
DA:127,25
LF:59
LH:44
BRDA:12,0,0,13
BRDA:12,0,1,1
BRDA:14,1,0,0
BRDA:14,2,0,13
BRDA:14,2,1,13
BRDA:29,3,0,26
BRDA:29,3,1,0
BRDA:31,4,0,26
BRDA:31,4,1,0
BRDA:32,5,0,2
BRDA:32,6,0,26
BRDA:32,6,1,26
BRDA:52,7,0,14
BRDA:52,7,1,0
BRDA:52,8,0,14
BRDA:52,8,1,14
BRDA:54,9,0,14
BRDA:54,9,1,0
BRDA:57,10,0,1
BRDA:57,11,0,14
BRDA:57,11,1,13
BRDA:60,12,0,0
BRDA:65,13,0,0
BRDA:65,14,0,0
BRDA:65,14,1,0
BRDA:65,14,2,0
BRDA:86,15,0,7
BRDA:86,15,1,0
BRDA:87,16,0,7
BRDA:87,16,1,0
BRDA:87,17,0,7
BRDA:87,17,1,7
BRDA:88,18,0,7
BRDA:88,18,1,0
BRDA:88,19,0,7
BRDA:88,19,1,7
BRDA:89,20,0,7
BRDA:89,20,1,0
BRDA:89,21,0,7
BRDA:89,21,1,7
BRDA:90,22,0,7
BRDA:93,23,0,1
BRDA:93,24,0,7
BRDA:93,24,1,7
BRDA:118,25,0,21
BRDA:118,25,1,4
BRDA:119,26,0,0
BRF:47
BRH:32
end_of_record
